[ 2017-12-13T18:37:43+08:00 ] ::1 /chaoyangmall/Public/images/nahuolun_emblem-bg.png
INFO: [ app_init ] --START--
INFO: Run Behavior\BuildLiteBehavior [ RunTime:0.000034s ]
INFO: [ app_init ] --END-- [ RunTime:0.000396s ]

[ 2017-12-13T18:59:14+08:00 ] ::1 /chaoyangmall/Public/toastr/toastr.js.map
INFO: [ app_init ] --START--
INFO: Run Behavior\BuildLiteBehavior [ RunTime:0.000027s ]
INFO: [ app_init ] --END-- [ RunTime:0.000407s ]
ERR: 无法加载模块:Public

[ 2017-12-13T19:02:18+08:00 ] ::1 /chaoyangmall/Public/toastr/toastr.js.map
INFO: [ app_init ] --START--
INFO: Run Behavior\BuildLiteBehavior [ RunTime:0.000027s ]
INFO: [ app_init ] --END-- [ RunTime:0.000397s ]
ERR: 无法加载模块:Public

[ 2017-12-13T19:02:32+08:00 ] ::1 /chaoyangmall/Public/toastr/toastr.js.map
INFO: [ app_init ] --START--
INFO: Run Behavior\BuildLiteBehavior [ RunTime:0.000032s ]
INFO: [ app_init ] --END-- [ RunTime:0.000592s ]
ERR: 无法加载模块:Public

[ 2017-12-13T19:03:01+08:00 ] ::1 /chaoyangmall/Public/toastr/toastr.js.map
INFO: [ app_init ] --START--
INFO: Run Behavior\BuildLiteBehavior [ RunTime:0.000038s ]
INFO: [ app_init ] --END-- [ RunTime:0.000413s ]
ERR: 无法加载模块:Public

[ 2017-12-13T19:03:18+08:00 ] ::1 /chaoyangmall/Public/toastr/toastr.js.map
INFO: [ app_init ] --START--
INFO: Run Behavior\BuildLiteBehavior [ RunTime:0.000047s ]
INFO: [ app_init ] --END-- [ RunTime:0.000689s ]
ERR: 无法加载模块:Public

[ 2017-12-13T19:03:21+08:00 ] ::1 /chaoyangmall/Public/toastr/toastr.js.map
INFO: [ app_init ] --START--
INFO: Run Behavior\BuildLiteBehavior [ RunTime:0.000045s ]
INFO: [ app_init ] --END-- [ RunTime:0.000566s ]
ERR: 无法加载模块:Public

[ 2017-12-13T19:03:40+08:00 ] ::1 /chaoyangmall/Public/toastr/toastr.js.map
INFO: [ app_init ] --START--
INFO: Run Behavior\BuildLiteBehavior [ RunTime:0.000055s ]
INFO: [ app_init ] --END-- [ RunTime:0.000801s ]
ERR: 无法加载模块:Public

[ 2017-12-13T19:07:01+08:00 ] ::1 /chaoyangmall/Public/images/nahuolun_emblem-bg.png
INFO: [ app_init ] --START--
INFO: Run Behavior\BuildLiteBehavior [ RunTime:0.000017s ]
INFO: [ app_init ] --END-- [ RunTime:0.000242s ]

[ 2017-12-13T19:07:01+08:00 ] ::1 /chaoyangmall/Public/images/nahuolun_logo_thin.png
INFO: [ app_init ] --START--
INFO: Run Behavior\BuildLiteBehavior [ RunTime:0.000036s ]
INFO: [ app_init ] --END-- [ RunTime:0.000514s ]

[ 2017-12-13T19:07:08+08:00 ] ::1 /chaoyangmall/Public/images/nahuolun_emblem-bg.png
INFO: [ app_init ] --START--
INFO: Run Behavior\BuildLiteBehavior [ RunTime:0.000063s ]
INFO: [ app_init ] --END-- [ RunTime:0.000700s ]

[ 2017-12-13T19:07:08+08:00 ] ::1 /chaoyangmall/Public/images/nahuolun_logo_thin.png
INFO: [ app_init ] --START--
INFO: Run Behavior\BuildLiteBehavior [ RunTime:0.000074s ]
INFO: [ app_init ] --END-- [ RunTime:0.002294s ]

[ 2017-12-13T19:11:28+08:00 ] ::1 /chaoyangmall/Public/images/nahuolun_emblem-bg.png
INFO: [ app_init ] --START--
INFO: Run Behavior\BuildLiteBehavior [ RunTime:0.000028s ]
INFO: [ app_init ] --END-- [ RunTime:0.000394s ]

[ 2017-12-13T19:11:28+08:00 ] ::1 /chaoyangmall/Public/images/nahuolun_logo_thin.png
INFO: [ app_init ] --START--
INFO: Run Behavior\BuildLiteBehavior [ RunTime:0.000035s ]
INFO: [ app_init ] --END-- [ RunTime:0.000576s ]

[ 2017-12-13T19:14:08+08:00 ] ::1 /chaoyangmall/Public/images/nahuolun_logo_thin.png
INFO: [ app_init ] --START--
INFO: Run Behavior\BuildLiteBehavior [ RunTime:0.000034s ]
INFO: [ app_init ] --END-- [ RunTime:0.000395s ]

[ 2017-12-13T19:14:08+08:00 ] ::1 /chaoyangmall/Public/images/nahuolun_emblem-bg.png
INFO: [ app_init ] --START--
INFO: Run Behavior\BuildLiteBehavior [ RunTime:0.000052s ]
INFO: [ app_init ] --END-- [ RunTime:0.000645s ]

[ 2017-12-13T19:14:11+08:00 ] ::1 /chaoyangmall/Public/images/nahuolun_logo_thin.png
INFO: [ app_init ] --START--
INFO: Run Behavior\BuildLiteBehavior [ RunTime:0.000028s ]
INFO: [ app_init ] --END-- [ RunTime:0.000397s ]

[ 2017-12-13T19:14:11+08:00 ] ::1 /chaoyangmall/Public/images/nahuolun_emblem-bg.png
INFO: [ app_init ] --START--
INFO: Run Behavior\BuildLiteBehavior [ RunTime:0.000034s ]
INFO: [ app_init ] --END-- [ RunTime:0.000393s ]

[ 2017-12-13T19:14:19+08:00 ] ::1 /chaoyangmall/Public/images/nahuolun_emblem-bg.png
INFO: [ app_init ] --START--
INFO: Run Behavior\BuildLiteBehavior [ RunTime:0.000029s ]
INFO: [ app_init ] --END-- [ RunTime:0.000387s ]

[ 2017-12-13T19:14:19+08:00 ] ::1 /chaoyangmall/Public/images/nahuolun_logo_thin.png
INFO: [ app_init ] --START--
INFO: Run Behavior\BuildLiteBehavior [ RunTime:0.000021s ]
INFO: [ app_init ] --END-- [ RunTime:0.000631s ]

[ 2017-12-13T19:14:56+08:00 ] ::1 /chaoyangmall/Public/images/nahuolun_emblem-bg.png
INFO: [ app_init ] --START--
INFO: Run Behavior\BuildLiteBehavior [ RunTime:0.000018s ]
INFO: [ app_init ] --END-- [ RunTime:0.000351s ]

[ 2017-12-13T19:14:56+08:00 ] ::1 /chaoyangmall/Public/images/nahuolun_logo_thin.png
INFO: [ app_init ] --START--
INFO: Run Behavior\BuildLiteBehavior [ RunTime:0.000029s ]
INFO: [ app_init ] --END-- [ RunTime:0.000405s ]

[ 2017-12-13T19:20:58+08:00 ] ::1 /chaoyangmall/Public/images/nahuolun_emblem-bg.png
INFO: [ app_init ] --START--
INFO: Run Behavior\BuildLiteBehavior [ RunTime:0.000072s ]
INFO: [ app_init ] --END-- [ RunTime:0.001668s ]

[ 2017-12-13T19:20:58+08:00 ] ::1 /chaoyangmall/Public/images/nahuolun_logo_thin.png
INFO: [ app_init ] --START--
INFO: Run Behavior\BuildLiteBehavior [ RunTime:0.000034s ]
INFO: [ app_init ] --END-- [ RunTime:0.000487s ]

[ 2017-12-13T19:21:19+08:00 ] ::1 /chaoyangmall/Public/images/nahuolun_emblem-bg.png
INFO: [ app_init ] --START--
INFO: Run Behavior\BuildLiteBehavior [ RunTime:0.000032s ]
INFO: [ app_init ] --END-- [ RunTime:0.000572s ]

[ 2017-12-13T19:21:19+08:00 ] ::1 /chaoyangmall/Public/images/nahuolun_logo_thin.png
INFO: [ app_init ] --START--
INFO: Run Behavior\BuildLiteBehavior [ RunTime:0.000025s ]
INFO: [ app_init ] --END-- [ RunTime:0.000350s ]

[ 2017-12-13T19:21:24+08:00 ] ::1 /chaoyangmall/Public/images/nahuolun_logo_thin.png
INFO: [ app_init ] --START--
INFO: Run Behavior\BuildLiteBehavior [ RunTime:0.000028s ]
INFO: [ app_init ] --END-- [ RunTime:0.000384s ]

[ 2017-12-13T19:21:24+08:00 ] ::1 /chaoyangmall/Public/images/nahuolun_emblem-bg.png
INFO: [ app_init ] --START--
INFO: Run Behavior\BuildLiteBehavior [ RunTime:0.000034s ]
INFO: [ app_init ] --END-- [ RunTime:0.000564s ]

[ 2017-12-13T19:21:29+08:00 ] ::1 /chaoyangmall/Public/images/nahuolun_emblem-bg.png
INFO: [ app_init ] --START--
INFO: Run Behavior\BuildLiteBehavior [ RunTime:0.000028s ]
INFO: [ app_init ] --END-- [ RunTime:0.000412s ]

[ 2017-12-13T19:21:29+08:00 ] ::1 /chaoyangmall/Public/images/nahuolun_logo_thin.png
INFO: [ app_init ] --START--
INFO: Run Behavior\BuildLiteBehavior [ RunTime:0.000031s ]
INFO: [ app_init ] --END-- [ RunTime:0.000437s ]

[ 2017-12-13T19:26:49+08:00 ] ::1 /chaoyangmall/Public/images/nahuolun_logo_thin.png
INFO: [ app_init ] --START--
INFO: Run Behavior\BuildLiteBehavior [ RunTime:0.000034s ]
INFO: [ app_init ] --END-- [ RunTime:0.000564s ]

[ 2017-12-13T19:26:49+08:00 ] ::1 /chaoyangmall/Public/images/nahuolun_emblem-bg.png
INFO: [ app_init ] --START--
INFO: Run Behavior\BuildLiteBehavior [ RunTime:0.000038s ]
INFO: [ app_init ] --END-- [ RunTime:0.000480s ]

[ 2017-12-13T19:28:10+08:00 ] ::1 /chaoyangmall/Public/images/nahuolun_emblem-bg.png
INFO: [ app_init ] --START--
INFO: Run Behavior\BuildLiteBehavior [ RunTime:0.000062s ]
INFO: [ app_init ] --END-- [ RunTime:0.000571s ]

[ 2017-12-13T19:28:10+08:00 ] ::1 /chaoyangmall/Public/images/nahuolun_logo_thin.png
INFO: [ app_init ] --START--
INFO: Run Behavior\BuildLiteBehavior [ RunTime:0.000034s ]
INFO: [ app_init ] --END-- [ RunTime:0.000429s ]

[ 2017-12-13T19:28:49+08:00 ] ::1 /chaoyangmall/Public/js/Admin/product.disp.js
INFO: [ app_init ] --START--
INFO: Run Behavior\BuildLiteBehavior [ RunTime:0.000020s ]
INFO: [ app_init ] --END-- [ RunTime:0.000284s ]
ERR: 无法加载模块:Public

[ 2017-12-13T19:28:49+08:00 ] ::1 /chaoyangmall/Public/images/nahuolun_emblem-bg.png
INFO: [ app_init ] --START--
INFO: Run Behavior\BuildLiteBehavior [ RunTime:0.000019s ]
INFO: [ app_init ] --END-- [ RunTime:0.000253s ]

[ 2017-12-13T19:28:49+08:00 ] ::1 /chaoyangmall/Public/images/nahuolun_logo_thin.png
INFO: [ app_init ] --START--
INFO: Run Behavior\BuildLiteBehavior [ RunTime:0.000030s ]
INFO: [ app_init ] --END-- [ RunTime:0.000380s ]

[ 2017-12-13T19:28:49+08:00 ] ::1 /chaoyangmall/Public/js/Admin/product.disp.js
INFO: [ app_init ] --START--
INFO: Run Behavior\BuildLiteBehavior [ RunTime:0.000022s ]
INFO: [ app_init ] --END-- [ RunTime:0.000332s ]
ERR: 无法加载模块:Public

[ 2017-12-13T19:28:52+08:00 ] ::1 /chaoyangmall/Public/js/Admin/product.disp.js
INFO: [ app_init ] --START--
INFO: Run Behavior\BuildLiteBehavior [ RunTime:0.000030s ]
INFO: [ app_init ] --END-- [ RunTime:0.000428s ]
ERR: 无法加载模块:Public

[ 2017-12-13T19:28:52+08:00 ] ::1 /chaoyangmall/Public/images/nahuolun_logo_thin.png
INFO: [ app_init ] --START--
INFO: Run Behavior\BuildLiteBehavior [ RunTime:0.000079s ]
INFO: [ app_init ] --END-- [ RunTime:0.001259s ]

[ 2017-12-13T19:28:52+08:00 ] ::1 /chaoyangmall/Public/images/nahuolun_emblem-bg.png
INFO: [ app_init ] --START--
INFO: Run Behavior\BuildLiteBehavior [ RunTime:0.000050s ]
INFO: [ app_init ] --END-- [ RunTime:0.000723s ]

[ 2017-12-13T19:29:40+08:00 ] ::1 /chaoyangmall/Public/images/nahuolun_emblem-bg.png
INFO: [ app_init ] --START--
INFO: Run Behavior\BuildLiteBehavior [ RunTime:0.000031s ]
INFO: [ app_init ] --END-- [ RunTime:0.000440s ]

[ 2017-12-13T19:29:40+08:00 ] ::1 /chaoyangmall/Public/images/nahuolun_logo_thin.png
INFO: [ app_init ] --START--
INFO: Run Behavior\BuildLiteBehavior [ RunTime:0.000032s ]
INFO: [ app_init ] --END-- [ RunTime:0.000480s ]

[ 2017-12-13T19:29:40+08:00 ] ::1 /chaoyangmall/Public/js/Admin/product.disp.js
INFO: [ app_init ] --START--
INFO: Run Behavior\BuildLiteBehavior [ RunTime:0.000028s ]
INFO: [ app_init ] --END-- [ RunTime:0.000396s ]
ERR: 无法加载模块:Public

[ 2017-12-13T19:29:42+08:00 ] ::1 /chaoyangmall/Public/images/nahuolun_logo_thin.png
INFO: [ app_init ] --START--
INFO: Run Behavior\BuildLiteBehavior [ RunTime:0.000030s ]
INFO: [ app_init ] --END-- [ RunTime:0.000452s ]

[ 2017-12-13T19:29:42+08:00 ] ::1 /chaoyangmall/Public/images/nahuolun_emblem-bg.png
INFO: [ app_init ] --START--
INFO: Run Behavior\BuildLiteBehavior [ RunTime:0.000028s ]
INFO: [ app_init ] --END-- [ RunTime:0.000402s ]

[ 2017-12-13T19:29:42+08:00 ] ::1 /chaoyangmall/Public/js/Admin/product.disp.js
INFO: [ app_init ] --START--
INFO: Run Behavior\BuildLiteBehavior [ RunTime:0.000031s ]
INFO: [ app_init ] --END-- [ RunTime:0.000447s ]
ERR: 无法加载模块:Public

[ 2017-12-13T19:30:20+08:00 ] ::1 /chaoyangmall/Public/images/nahuolun_emblem-bg.png
INFO: [ app_init ] --START--
INFO: Run Behavior\BuildLiteBehavior [ RunTime:0.000028s ]
INFO: [ app_init ] --END-- [ RunTime:0.000442s ]

[ 2017-12-13T19:30:20+08:00 ] ::1 /chaoyangmall/Public/images/nahuolun_logo_thin.png
INFO: [ app_init ] --START--
INFO: Run Behavior\BuildLiteBehavior [ RunTime:0.000049s ]
INFO: [ app_init ] --END-- [ RunTime:0.001027s ]

[ 2017-12-13T19:30:20+08:00 ] ::1 /chaoyangmall/Public/js/Admin/order.disp.js
INFO: [ app_init ] --START--
INFO: Run Behavior\BuildLiteBehavior [ RunTime:0.000057s ]
INFO: [ app_init ] --END-- [ RunTime:0.007086s ]
ERR: 无法加载模块:Public

[ 2017-12-13T19:30:52+08:00 ] ::1 /chaoyangmall/Public/js/Admin/client.js
INFO: [ app_init ] --START--
INFO: Run Behavior\BuildLiteBehavior [ RunTime:0.000018s ]
INFO: [ app_init ] --END-- [ RunTime:0.000353s ]
ERR: 无法加载模块:Public

[ 2017-12-13T19:30:52+08:00 ] ::1 /chaoyangmall/Public/images/nahuolun_emblem-bg.png
INFO: [ app_init ] --START--
INFO: Run Behavior\BuildLiteBehavior [ RunTime:0.000017s ]
INFO: [ app_init ] --END-- [ RunTime:0.000249s ]

[ 2017-12-13T19:30:52+08:00 ] ::1 /chaoyangmall/Public/images/nahuolun_logo_thin.png
INFO: [ app_init ] --START--
INFO: Run Behavior\BuildLiteBehavior [ RunTime:0.000018s ]
INFO: [ app_init ] --END-- [ RunTime:0.000241s ]

[ 2017-12-13T19:30:52+08:00 ] ::1 /chaoyangmall/Public/js/Admin/client.js
INFO: [ app_init ] --START--
INFO: Run Behavior\BuildLiteBehavior [ RunTime:0.000030s ]
INFO: [ app_init ] --END-- [ RunTime:0.001688s ]
ERR: 无法加载模块:Public

[ 2017-12-13T19:30:57+08:00 ] ::1 /chaoyangmall/Public/images/nahuolun_emblem-bg.png
INFO: [ app_init ] --START--
INFO: Run Behavior\BuildLiteBehavior [ RunTime:0.000031s ]
INFO: [ app_init ] --END-- [ RunTime:0.000491s ]

[ 2017-12-13T19:30:57+08:00 ] ::1 /chaoyangmall/Public/images/nahuolun_logo_thin.png
INFO: [ app_init ] --START--
INFO: Run Behavior\BuildLiteBehavior [ RunTime:0.000030s ]
INFO: [ app_init ] --END-- [ RunTime:0.000452s ]

[ 2017-12-13T19:30:57+08:00 ] ::1 /chaoyangmall/Public/js/Admin/client.js
INFO: [ app_init ] --START--
INFO: Run Behavior\BuildLiteBehavior [ RunTime:0.000030s ]
INFO: [ app_init ] --END-- [ RunTime:0.000430s ]
ERR: 无法加载模块:Public

[ 2017-12-13T19:31:45+08:00 ] ::1 /chaoyangmall/Public/images/nahuolun_emblem-bg.png
INFO: [ app_init ] --START--
INFO: Run Behavior\BuildLiteBehavior [ RunTime:0.000031s ]
INFO: [ app_init ] --END-- [ RunTime:0.000440s ]

[ 2017-12-13T19:31:45+08:00 ] ::1 /chaoyangmall/Public/images/nahuolun_logo_thin.png
INFO: [ app_init ] --START--
INFO: Run Behavior\BuildLiteBehavior [ RunTime:0.000044s ]
INFO: [ app_init ] --END-- [ RunTime:0.001689s ]

[ 2017-12-13T19:31:45+08:00 ] ::1 /chaoyangmall/Public/js/Admin/client.js
INFO: [ app_init ] --START--
INFO: Run Behavior\BuildLiteBehavior [ RunTime:0.000035s ]
INFO: [ app_init ] --END-- [ RunTime:0.000527s ]
ERR: 无法加载模块:Public

[ 2017-12-13T20:00:46+08:00 ] ::1 /chaoyangmall/Public/images/nahuolun_logo_thin.png
INFO: [ app_init ] --START--
INFO: Run Behavior\BuildLiteBehavior [ RunTime:0.000042s ]
INFO: [ app_init ] --END-- [ RunTime:0.000602s ]

[ 2017-12-13T20:00:46+08:00 ] ::1 /chaoyangmall/Public/images/nahuolun_emblem-bg.png
INFO: [ app_init ] --START--
INFO: Run Behavior\BuildLiteBehavior [ RunTime:0.000056s ]
INFO: [ app_init ] --END-- [ RunTime:0.000695s ]

[ 2017-12-13T20:00:54+08:00 ] ::1 /chaoyangmall/Public/toastr/toastr.js.map
INFO: [ app_init ] --START--
INFO: Run Behavior\BuildLiteBehavior [ RunTime:0.000034s ]
INFO: [ app_init ] --END-- [ RunTime:0.000383s ]
ERR: 无法加载模块:Public

[ 2017-12-13T20:00:58+08:00 ] ::1 /chaoyangmall/Public/images/nahuolun_emblem-bg.png
INFO: [ app_init ] --START--
INFO: Run Behavior\BuildLiteBehavior [ RunTime:0.000057s ]
INFO: [ app_init ] --END-- [ RunTime:0.000666s ]

[ 2017-12-13T20:00:58+08:00 ] ::1 /chaoyangmall/Public/images/nahuolun_logo_thin.png
INFO: [ app_init ] --START--
INFO: Run Behavior\BuildLiteBehavior [ RunTime:0.000048s ]
INFO: [ app_init ] --END-- [ RunTime:0.000623s ]

[ 2017-12-13T20:00:58+08:00 ] ::1 /chaoyangmall/Public/toastr/toastr.js.map
INFO: [ app_init ] --START--
INFO: Run Behavior\BuildLiteBehavior [ RunTime:0.000186s ]
INFO: [ app_init ] --END-- [ RunTime:0.000880s ]
ERR: 无法加载模块:Public

[ 2017-12-13T20:02:35+08:00 ] ::1 /chaoyangmall/Public/images/nahuolun_logo_thin.png
INFO: [ app_init ] --START--
INFO: Run Behavior\BuildLiteBehavior [ RunTime:0.000033s ]
INFO: [ app_init ] --END-- [ RunTime:0.000451s ]

[ 2017-12-13T20:02:35+08:00 ] ::1 /chaoyangmall/Public/toastr/toastr.js.map
INFO: [ app_init ] --START--
INFO: Run Behavior\BuildLiteBehavior [ RunTime:0.000038s ]
INFO: [ app_init ] --END-- [ RunTime:0.000417s ]
ERR: 无法加载模块:Public

[ 2017-12-13T20:02:35+08:00 ] ::1 /chaoyangmall/Public/images/nahuolun_emblem-bg.png
INFO: [ app_init ] --START--
INFO: Run Behavior\BuildLiteBehavior [ RunTime:0.000061s ]
INFO: [ app_init ] --END-- [ RunTime:0.004749s ]

[ 2017-12-13T20:04:21+08:00 ] ::1 /chaoyangmall/Public/images/nahuolun_emblem-bg.png
INFO: [ app_init ] --START--
INFO: Run Behavior\BuildLiteBehavior [ RunTime:0.000124s ]
INFO: [ app_init ] --END-- [ RunTime:0.001033s ]

[ 2017-12-13T20:04:21+08:00 ] ::1 /chaoyangmall/Public/images/nahuolun_logo_thin.png
INFO: [ app_init ] --START--
INFO: Run Behavior\BuildLiteBehavior [ RunTime:0.000053s ]
INFO: [ app_init ] --END-- [ RunTime:0.000840s ]

[ 2017-12-13T20:04:21+08:00 ] ::1 /chaoyangmall/Public/toastr/toastr.js.map
INFO: [ app_init ] --START--
INFO: Run Behavior\BuildLiteBehavior [ RunTime:0.000036s ]
INFO: [ app_init ] --END-- [ RunTime:0.000483s ]
ERR: 无法加载模块:Public

[ 2017-12-13T20:04:56+08:00 ] ::1 /chaoyangmall/Public/images/nahuolun_logo_thin.png
INFO: [ app_init ] --START--
INFO: Run Behavior\BuildLiteBehavior [ RunTime:0.000034s ]
INFO: [ app_init ] --END-- [ RunTime:0.003627s ]

[ 2017-12-13T20:04:56+08:00 ] ::1 /chaoyangmall/Public/toastr/toastr.js.map
INFO: [ app_init ] --START--
INFO: Run Behavior\BuildLiteBehavior [ RunTime:0.000040s ]
INFO: [ app_init ] --END-- [ RunTime:0.012634s ]
ERR: 无法加载模块:Public

[ 2017-12-13T20:04:56+08:00 ] ::1 /chaoyangmall/Public/images/nahuolun_emblem-bg.png
INFO: [ app_init ] --START--
INFO: Run Behavior\BuildLiteBehavior [ RunTime:0.000046s ]
INFO: [ app_init ] --END-- [ RunTime:0.000728s ]

[ 2017-12-13T20:25:15+08:00 ] ::1 /chaoyangmall/Public/images/nahuolun_logo_thin.png
INFO: [ app_init ] --START--
INFO: Run Behavior\BuildLiteBehavior [ RunTime:0.000048s ]
INFO: [ app_init ] --END-- [ RunTime:0.000554s ]

[ 2017-12-13T20:25:15+08:00 ] ::1 /chaoyangmall/Public/toastr/toastr.js.map
INFO: [ app_init ] --START--
INFO: Run Behavior\BuildLiteBehavior [ RunTime:0.000050s ]
INFO: [ app_init ] --END-- [ RunTime:0.000571s ]
ERR: 无法加载模块:Public

[ 2017-12-13T20:25:15+08:00 ] ::1 /chaoyangmall/Public/images/nahuolun_emblem-bg.png
INFO: [ app_init ] --START--
INFO: Run Behavior\BuildLiteBehavior [ RunTime:0.000188s ]
INFO: [ app_init ] --END-- [ RunTime:0.002129s ]

[ 2017-12-13T20:27:14+08:00 ] ::1 /chaoyangmall/Public/images/nahuolun_logo_thin.png
INFO: [ app_init ] --START--
INFO: Run Behavior\BuildLiteBehavior [ RunTime:0.000048s ]
INFO: [ app_init ] --END-- [ RunTime:0.001139s ]

[ 2017-12-13T20:27:14+08:00 ] ::1 /chaoyangmall/Public/toastr/toastr.js.map
INFO: [ app_init ] --START--
INFO: Run Behavior\BuildLiteBehavior [ RunTime:0.010546s ]
INFO: [ app_init ] --END-- [ RunTime:0.019308s ]
ERR: 无法加载模块:Public

[ 2017-12-13T20:27:14+08:00 ] ::1 /chaoyangmall/Public/images/nahuolun_emblem-bg.png
INFO: [ app_init ] --START--
INFO: Run Behavior\BuildLiteBehavior [ RunTime:0.000046s ]
INFO: [ app_init ] --END-- [ RunTime:0.000602s ]

[ 2017-12-13T20:41:45+08:00 ] ::1 /chaoyangmall/Public/images/nahuolun_emblem-bg.png
INFO: [ app_init ] --START--
INFO: Run Behavior\BuildLiteBehavior [ RunTime:0.000031s ]
INFO: [ app_init ] --END-- [ RunTime:0.000479s ]

[ 2017-12-13T20:41:45+08:00 ] ::1 /chaoyangmall/Public/images/nahuolun_logo_thin.png
INFO: [ app_init ] --START--
INFO: Run Behavior\BuildLiteBehavior [ RunTime:0.000019s ]
INFO: [ app_init ] --END-- [ RunTime:0.000253s ]

[ 2017-12-13T20:41:45+08:00 ] ::1 /chaoyangmall/Public/toastr/toastr.js.map
INFO: [ app_init ] --START--
INFO: Run Behavior\BuildLiteBehavior [ RunTime:0.000022s ]
INFO: [ app_init ] --END-- [ RunTime:0.000314s ]
ERR: 无法加载模块:Public

[ 2017-12-13T20:44:08+08:00 ] ::1 /chaoyangmall/Public/images/nahuolun_logo_thin.png
INFO: [ app_init ] --START--
INFO: Run Behavior\BuildLiteBehavior [ RunTime:0.000060s ]
INFO: [ app_init ] --END-- [ RunTime:0.002059s ]

[ 2017-12-13T20:44:08+08:00 ] ::1 /chaoyangmall/Public/images/nahuolun_emblem-bg.png
INFO: [ app_init ] --START--
INFO: Run Behavior\BuildLiteBehavior [ RunTime:0.000078s ]
INFO: [ app_init ] --END-- [ RunTime:0.008578s ]

[ 2017-12-13T20:44:08+08:00 ] ::1 /chaoyangmall/Public/toastr/toastr.js.map
INFO: [ app_init ] --START--
INFO: Run Behavior\BuildLiteBehavior [ RunTime:0.000062s ]
INFO: [ app_init ] --END-- [ RunTime:0.001074s ]
ERR: 无法加载模块:Public

[ 2017-12-13T20:55:25+08:00 ] ::1 /chaoyangmall/Public/images/nahuolun_logo_thin.png
INFO: [ app_init ] --START--
INFO: Run Behavior\BuildLiteBehavior [ RunTime:0.000031s ]
INFO: [ app_init ] --END-- [ RunTime:0.000434s ]

[ 2017-12-13T20:55:25+08:00 ] ::1 /chaoyangmall/Public/toastr/toastr.js.map
INFO: [ app_init ] --START--
INFO: Run Behavior\BuildLiteBehavior [ RunTime:0.000053s ]
INFO: [ app_init ] --END-- [ RunTime:0.000610s ]
ERR: 无法加载模块:Public

[ 2017-12-13T20:55:25+08:00 ] ::1 /chaoyangmall/Public/images/nahuolun_emblem-bg.png
INFO: [ app_init ] --START--
INFO: Run Behavior\BuildLiteBehavior [ RunTime:0.000050s ]
INFO: [ app_init ] --END-- [ RunTime:0.000639s ]

[ 2017-12-13T20:59:05+08:00 ] ::1 /chaoyangmall/Public/toastr/toastr.js.map
INFO: [ app_init ] --START--
INFO: Run Behavior\BuildLiteBehavior [ RunTime:0.000032s ]
INFO: [ app_init ] --END-- [ RunTime:0.000422s ]
ERR: 无法加载模块:Public

[ 2017-12-13T20:59:05+08:00 ] ::1 /chaoyangmall/Public/images/nahuolun_logo_thin.png
INFO: [ app_init ] --START--
INFO: Run Behavior\BuildLiteBehavior [ RunTime:0.001035s ]
INFO: [ app_init ] --END-- [ RunTime:0.008237s ]

[ 2017-12-13T20:59:05+08:00 ] ::1 /chaoyangmall/Public/images/nahuolun_emblem-bg.png
INFO: [ app_init ] --START--
INFO: Run Behavior\BuildLiteBehavior [ RunTime:0.000048s ]
INFO: [ app_init ] --END-- [ RunTime:0.000642s ]

[ 2017-12-13T21:06:49+08:00 ] ::1 /chaoyangmall/Public/images/nahuolun_logo_thin.png
INFO: [ app_init ] --START--
INFO: Run Behavior\BuildLiteBehavior [ RunTime:0.000049s ]
INFO: [ app_init ] --END-- [ RunTime:0.000684s ]

[ 2017-12-13T21:06:49+08:00 ] ::1 /chaoyangmall/Public/toastr/toastr.js.map
INFO: [ app_init ] --START--
INFO: Run Behavior\BuildLiteBehavior [ RunTime:0.000034s ]
INFO: [ app_init ] --END-- [ RunTime:0.002406s ]
ERR: 无法加载模块:Public

[ 2017-12-13T21:06:49+08:00 ] ::1 /chaoyangmall/Public/images/nahuolun_emblem-bg.png
INFO: [ app_init ] --START--
INFO: Run Behavior\BuildLiteBehavior [ RunTime:0.000040s ]
INFO: [ app_init ] --END-- [ RunTime:0.000486s ]

[ 2017-12-13T21:08:40+08:00 ] ::1 /chaoyangmall/Public/images/nahuolun_emblem-bg.png
INFO: [ app_init ] --START--
INFO: Run Behavior\BuildLiteBehavior [ RunTime:0.000030s ]
INFO: [ app_init ] --END-- [ RunTime:0.000408s ]

[ 2017-12-13T21:08:40+08:00 ] ::1 /chaoyangmall/Public/images/nahuolun_logo_thin.png
INFO: [ app_init ] --START--
INFO: Run Behavior\BuildLiteBehavior [ RunTime:0.000053s ]
INFO: [ app_init ] --END-- [ RunTime:0.000658s ]

[ 2017-12-13T21:08:40+08:00 ] ::1 /chaoyangmall/Public/toastr/toastr.js.map
INFO: [ app_init ] --START--
INFO: Run Behavior\BuildLiteBehavior [ RunTime:0.000045s ]
INFO: [ app_init ] --END-- [ RunTime:0.000622s ]
ERR: 无法加载模块:Public

[ 2017-12-13T21:10:52+08:00 ] ::1 /chaoyangmall/Public/images/nahuolun_emblem-bg.png
INFO: [ app_init ] --START--
INFO: Run Behavior\BuildLiteBehavior [ RunTime:0.000056s ]
INFO: [ app_init ] --END-- [ RunTime:0.001807s ]

[ 2017-12-13T21:10:52+08:00 ] ::1 /chaoyangmall/Public/images/nahuolun_logo_thin.png
INFO: [ app_init ] --START--
INFO: Run Behavior\BuildLiteBehavior [ RunTime:0.000045s ]
INFO: [ app_init ] --END-- [ RunTime:0.000583s ]

[ 2017-12-13T21:10:52+08:00 ] ::1 /chaoyangmall/Public/toastr/toastr.js.map
INFO: [ app_init ] --START--
INFO: Run Behavior\BuildLiteBehavior [ RunTime:0.000048s ]
INFO: [ app_init ] --END-- [ RunTime:0.000598s ]
ERR: 无法加载模块:Public

[ 2017-12-13T21:12:06+08:00 ] ::1 /chaoyangmall/Public/images/nahuolun_emblem-bg.png
INFO: [ app_init ] --START--
INFO: Run Behavior\BuildLiteBehavior [ RunTime:0.000053s ]
INFO: [ app_init ] --END-- [ RunTime:0.000588s ]

[ 2017-12-13T21:12:06+08:00 ] ::1 /chaoyangmall/Public/images/nahuolun_logo_thin.png
INFO: [ app_init ] --START--
INFO: Run Behavior\BuildLiteBehavior [ RunTime:0.000025s ]
INFO: [ app_init ] --END-- [ RunTime:0.000554s ]

[ 2017-12-13T21:12:07+08:00 ] ::1 /chaoyangmall/Public/toastr/toastr.js.map
INFO: [ app_init ] --START--
INFO: Run Behavior\BuildLiteBehavior [ RunTime:0.000054s ]
INFO: [ app_init ] --END-- [ RunTime:0.000729s ]
ERR: 无法加载模块:Public

[ 2017-12-13T21:14:26+08:00 ] ::1 /chaoyangmall/Public/images/nahuolun_emblem-bg.png
INFO: [ app_init ] --START--
INFO: Run Behavior\BuildLiteBehavior [ RunTime:0.000067s ]
INFO: [ app_init ] --END-- [ RunTime:0.000658s ]

[ 2017-12-13T21:14:26+08:00 ] ::1 /chaoyangmall/Public/images/nahuolun_logo_thin.png
INFO: [ app_init ] --START--
INFO: Run Behavior\BuildLiteBehavior [ RunTime:0.000029s ]
INFO: [ app_init ] --END-- [ RunTime:0.000417s ]

[ 2017-12-13T21:14:27+08:00 ] ::1 /chaoyangmall/Public/toastr/toastr.js.map
INFO: [ app_init ] --START--
INFO: Run Behavior\BuildLiteBehavior [ RunTime:0.000028s ]
INFO: [ app_init ] --END-- [ RunTime:0.000420s ]
ERR: 无法加载模块:Public

[ 2017-12-13T21:14:44+08:00 ] ::1 /chaoyangmall/Public/images/nahuolun_logo_thin.png
INFO: [ app_init ] --START--
INFO: Run Behavior\BuildLiteBehavior [ RunTime:0.000030s ]
INFO: [ app_init ] --END-- [ RunTime:0.000590s ]

[ 2017-12-13T21:14:44+08:00 ] ::1 /chaoyangmall/Public/images/nahuolun_emblem-bg.png
INFO: [ app_init ] --START--
INFO: Run Behavior\BuildLiteBehavior [ RunTime:0.000028s ]
INFO: [ app_init ] --END-- [ RunTime:0.000446s ]

[ 2017-12-13T21:14:44+08:00 ] ::1 /chaoyangmall/Public/toastr/toastr.js.map
INFO: [ app_init ] --START--
INFO: Run Behavior\BuildLiteBehavior [ RunTime:0.000030s ]
INFO: [ app_init ] --END-- [ RunTime:0.000568s ]
ERR: 无法加载模块:Public

[ 2017-12-13T21:15:24+08:00 ] ::1 /chaoyangmall/Public/toastr/toastr.js.map
INFO: [ app_init ] --START--
INFO: Run Behavior\BuildLiteBehavior [ RunTime:0.000058s ]
INFO: [ app_init ] --END-- [ RunTime:0.000721s ]
ERR: 无法加载模块:Public

[ 2017-12-13T21:15:24+08:00 ] ::1 /chaoyangmall/Public/images/nahuolun_logo_thin.png
INFO: [ app_init ] --START--
INFO: Run Behavior\BuildLiteBehavior [ RunTime:0.000089s ]
INFO: [ app_init ] --END-- [ RunTime:0.002481s ]

[ 2017-12-13T21:15:24+08:00 ] ::1 /chaoyangmall/Public/images/nahuolun_emblem-bg.png
INFO: [ app_init ] --START--
INFO: Run Behavior\BuildLiteBehavior [ RunTime:0.003191s ]
INFO: [ app_init ] --END-- [ RunTime:0.006718s ]

[ 2017-12-13T21:16:14+08:00 ] ::1 /chaoyangmall/Public/images/nahuolun_logo_thin.png
INFO: [ app_init ] --START--
INFO: Run Behavior\BuildLiteBehavior [ RunTime:0.000079s ]
INFO: [ app_init ] --END-- [ RunTime:0.000652s ]

[ 2017-12-13T21:16:14+08:00 ] ::1 /chaoyangmall/Public/images/nahuolun_emblem-bg.png
INFO: [ app_init ] --START--
INFO: Run Behavior\BuildLiteBehavior [ RunTime:0.000033s ]
INFO: [ app_init ] --END-- [ RunTime:0.000446s ]

[ 2017-12-13T21:16:23+08:00 ] ::1 /chaoyangmall/Public/images/nahuolun_emblem-bg.png
INFO: [ app_init ] --START--
INFO: Run Behavior\BuildLiteBehavior [ RunTime:0.000031s ]
INFO: [ app_init ] --END-- [ RunTime:0.000478s ]

[ 2017-12-13T21:16:23+08:00 ] ::1 /chaoyangmall/Public/images/nahuolun_logo_thin.png
INFO: [ app_init ] --START--
INFO: Run Behavior\BuildLiteBehavior [ RunTime:0.000030s ]
INFO: [ app_init ] --END-- [ RunTime:0.000409s ]

[ 2017-12-13T21:17:23+08:00 ] ::1 /chaoyangmall/Public/images/nahuolun_emblem-bg.png
INFO: [ app_init ] --START--
INFO: Run Behavior\BuildLiteBehavior [ RunTime:0.000037s ]
INFO: [ app_init ] --END-- [ RunTime:0.001202s ]

[ 2017-12-13T21:17:23+08:00 ] ::1 /chaoyangmall/Public/images/nahuolun_logo_thin.png
INFO: [ app_init ] --START--
INFO: Run Behavior\BuildLiteBehavior [ RunTime:0.000071s ]
INFO: [ app_init ] --END-- [ RunTime:0.000664s ]

[ 2017-12-13T21:17:30+08:00 ] ::1 /chaoyangmall/Public/toastr/toastr.js.map
INFO: [ app_init ] --START--
INFO: Run Behavior\BuildLiteBehavior [ RunTime:0.000036s ]
INFO: [ app_init ] --END-- [ RunTime:0.000661s ]
ERR: 无法加载模块:Public

[ 2017-12-13T21:17:52+08:00 ] ::1 /chaoyangmall/Public/images/nahuolun_logo_thin.png
INFO: [ app_init ] --START--
INFO: Run Behavior\BuildLiteBehavior [ RunTime:0.000028s ]
INFO: [ app_init ] --END-- [ RunTime:0.000369s ]

[ 2017-12-13T21:17:52+08:00 ] ::1 /chaoyangmall/Public/images/nahuolun_emblem-bg.png
INFO: [ app_init ] --START--
INFO: Run Behavior\BuildLiteBehavior [ RunTime:0.000054s ]
INFO: [ app_init ] --END-- [ RunTime:0.000626s ]

[ 2017-12-13T21:17:52+08:00 ] ::1 /chaoyangmall/Public/toastr/toastr.js.map
INFO: [ app_init ] --START--
INFO: Run Behavior\BuildLiteBehavior [ RunTime:0.000046s ]
INFO: [ app_init ] --END-- [ RunTime:0.000718s ]
ERR: 无法加载模块:Public

[ 2017-12-13T21:18:19+08:00 ] ::1 /chaoyangmall/Public/toastr/toastr.js.map
INFO: [ app_init ] --START--
INFO: Run Behavior\BuildLiteBehavior [ RunTime:0.000032s ]
INFO: [ app_init ] --END-- [ RunTime:0.000457s ]
ERR: 无法加载模块:Public

[ 2017-12-13T21:18:19+08:00 ] ::1 /chaoyangmall/Public/images/nahuolun_emblem-bg.png
INFO: [ app_init ] --START--
INFO: Run Behavior\BuildLiteBehavior [ RunTime:0.000074s ]
INFO: [ app_init ] --END-- [ RunTime:0.000901s ]

[ 2017-12-13T21:18:19+08:00 ] ::1 /chaoyangmall/Public/images/nahuolun_logo_thin.png
INFO: [ app_init ] --START--
INFO: Run Behavior\BuildLiteBehavior [ RunTime:0.000040s ]
INFO: [ app_init ] --END-- [ RunTime:0.000532s ]

[ 2017-12-13T21:19:18+08:00 ] ::1 /chaoyangmall/Public/images/nahuolun_logo_thin.png
INFO: [ app_init ] --START--
INFO: Run Behavior\BuildLiteBehavior [ RunTime:0.000039s ]
INFO: [ app_init ] --END-- [ RunTime:0.000436s ]

[ 2017-12-13T21:19:18+08:00 ] ::1 /chaoyangmall/Public/toastr/toastr.js.map
INFO: [ app_init ] --START--
INFO: Run Behavior\BuildLiteBehavior [ RunTime:0.000056s ]
INFO: [ app_init ] --END-- [ RunTime:0.004509s ]
ERR: 无法加载模块:Public

[ 2017-12-13T21:19:18+08:00 ] ::1 /chaoyangmall/Public/images/nahuolun_emblem-bg.png
INFO: [ app_init ] --START--
INFO: Run Behavior\BuildLiteBehavior [ RunTime:0.000040s ]
INFO: [ app_init ] --END-- [ RunTime:0.000547s ]

[ 2017-12-13T21:19:28+08:00 ] ::1 /chaoyangmall/Public/images/nahuolun_emblem-bg.png
INFO: [ app_init ] --START--
INFO: Run Behavior\BuildLiteBehavior [ RunTime:0.000029s ]
INFO: [ app_init ] --END-- [ RunTime:0.000408s ]

[ 2017-12-13T21:19:28+08:00 ] ::1 /chaoyangmall/Public/toastr/toastr.js.map
INFO: [ app_init ] --START--
INFO: Run Behavior\BuildLiteBehavior [ RunTime:0.000032s ]
INFO: [ app_init ] --END-- [ RunTime:0.000653s ]
ERR: 无法加载模块:Public

[ 2017-12-13T21:19:28+08:00 ] ::1 /chaoyangmall/Public/images/nahuolun_logo_thin.png
INFO: [ app_init ] --START--
INFO: Run Behavior\BuildLiteBehavior [ RunTime:0.000055s ]
INFO: [ app_init ] --END-- [ RunTime:0.000706s ]

[ 2017-12-13T21:19:29+08:00 ] ::1 /chaoyangmall/Public/images/nahuolun_emblem-bg.png
INFO: [ app_init ] --START--
INFO: Run Behavior\BuildLiteBehavior [ RunTime:0.000028s ]
INFO: [ app_init ] --END-- [ RunTime:0.000393s ]

[ 2017-12-13T21:19:29+08:00 ] ::1 /chaoyangmall/Public/images/nahuolun_logo_thin.png
INFO: [ app_init ] --START--
INFO: Run Behavior\BuildLiteBehavior [ RunTime:0.000033s ]
INFO: [ app_init ] --END-- [ RunTime:0.000485s ]

[ 2017-12-13T21:19:29+08:00 ] ::1 /chaoyangmall/Public/toastr/toastr.js.map
INFO: [ app_init ] --START--
INFO: Run Behavior\BuildLiteBehavior [ RunTime:0.000032s ]
INFO: [ app_init ] --END-- [ RunTime:0.000552s ]
ERR: 无法加载模块:Public

[ 2017-12-13T21:21:28+08:00 ] ::1 /chaoyangmall/Public/images/nahuolun_logo_thin.png
INFO: [ app_init ] --START--
INFO: Run Behavior\BuildLiteBehavior [ RunTime:0.000045s ]
INFO: [ app_init ] --END-- [ RunTime:0.001015s ]

[ 2017-12-13T21:21:28+08:00 ] ::1 /chaoyangmall/Public/images/nahuolun_emblem-bg.png
INFO: [ app_init ] --START--
INFO: Run Behavior\BuildLiteBehavior [ RunTime:0.000034s ]
INFO: [ app_init ] --END-- [ RunTime:0.000708s ]

[ 2017-12-13T21:42:29+08:00 ] ::1 /chaoyangmall/Public/images/nahuolun_emblem-bg.png
INFO: [ app_init ] --START--
INFO: Run Behavior\BuildLiteBehavior [ RunTime:0.000051s ]
INFO: [ app_init ] --END-- [ RunTime:0.000682s ]

[ 2017-12-13T21:42:29+08:00 ] ::1 /chaoyangmall/Public/images/nahuolun_logo_thin.png
INFO: [ app_init ] --START--
INFO: Run Behavior\BuildLiteBehavior [ RunTime:0.000031s ]
INFO: [ app_init ] --END-- [ RunTime:0.000533s ]

[ 2017-12-13T21:43:51+08:00 ] ::1 /Public/images/nahuolun_emblem-bg.png
INFO: [ app_init ] --START--
INFO: Run Behavior\BuildLiteBehavior [ RunTime:0.000019s ]
INFO: [ app_init ] --END-- [ RunTime:0.000385s ]

[ 2017-12-13T21:43:51+08:00 ] ::1 /Public/images/nahuolun_logo_thin.png
INFO: [ app_init ] --START--
INFO: Run Behavior\BuildLiteBehavior [ RunTime:0.000022s ]
INFO: [ app_init ] --END-- [ RunTime:0.000313s ]

[ 2017-12-13T21:43:55+08:00 ] ::1 /Public/images/nahuolun_emblem-bg.png
INFO: [ app_init ] --START--
INFO: Run Behavior\BuildLiteBehavior [ RunTime:0.000020s ]
INFO: [ app_init ] --END-- [ RunTime:0.000272s ]

[ 2017-12-13T21:43:56+08:00 ] ::1 /Public/images/nahuolun_logo_thin.png
INFO: [ app_init ] --START--
INFO: Run Behavior\BuildLiteBehavior [ RunTime:0.000018s ]
INFO: [ app_init ] --END-- [ RunTime:0.000243s ]

[ 2017-12-13T21:43:56+08:00 ] ::1 /chaoyangmall/Public/js/Admin/datatables-Chinese.json
INFO: [ app_init ] --START--
INFO: Run Behavior\BuildLiteBehavior [ RunTime:0.000017s ]
INFO: [ app_init ] --END-- [ RunTime:0.000236s ]
ERR: 无法加载模块:Chaoyangmall

[ 2017-12-13T21:43:56+08:00 ] ::1 /chaoyangmall/Admin/Activity/get_activity
INFO: [ app_init ] --START--
INFO: Run Behavior\BuildLiteBehavior [ RunTime:0.000027s ]
INFO: [ app_init ] --END-- [ RunTime:0.000439s ]
ERR: 无法加载模块:Chaoyangmall

[ 2017-12-13T21:44:01+08:00 ] ::1 /Public/images/nahuolun_emblem-bg.png
INFO: [ app_init ] --START--
INFO: Run Behavior\BuildLiteBehavior [ RunTime:0.000071s ]
INFO: [ app_init ] --END-- [ RunTime:0.000600s ]

[ 2017-12-13T21:44:01+08:00 ] ::1 /Public/toastr/toastr.js.map
INFO: [ app_init ] --START--
INFO: Run Behavior\BuildLiteBehavior [ RunTime:0.000018s ]
INFO: [ app_init ] --END-- [ RunTime:0.000258s ]
ERR: 无法加载模块:Public

[ 2017-12-13T21:44:04+08:00 ] ::1 /Public/images/nahuolun_emblem-bg.png
INFO: [ app_init ] --START--
INFO: Run Behavior\BuildLiteBehavior [ RunTime:0.000030s ]
INFO: [ app_init ] --END-- [ RunTime:0.000412s ]

[ 2017-12-13T21:44:04+08:00 ] ::1 /Public/images/nahuolun_logo_thin.png
INFO: [ app_init ] --START--
INFO: Run Behavior\BuildLiteBehavior [ RunTime:0.000029s ]
INFO: [ app_init ] --END-- [ RunTime:0.000503s ]

[ 2017-12-13T21:44:04+08:00 ] ::1 /Public/toastr/toastr.js.map
INFO: [ app_init ] --START--
INFO: Run Behavior\BuildLiteBehavior [ RunTime:0.000033s ]
INFO: [ app_init ] --END-- [ RunTime:0.000516s ]
ERR: 无法加载模块:Public

[ 2017-12-13T21:44:04+08:00 ] ::1 /chaoyangmall/Public/js/Admin/datatables-Chinese.json
INFO: [ app_init ] --START--
INFO: Run Behavior\BuildLiteBehavior [ RunTime:0.000028s ]
INFO: [ app_init ] --END-- [ RunTime:0.000414s ]
ERR: 无法加载模块:Chaoyangmall

[ 2017-12-13T21:44:04+08:00 ] ::1 /chaoyangmall/Admin/Activity/get_activity
INFO: [ app_init ] --START--
INFO: Run Behavior\BuildLiteBehavior [ RunTime:0.000016s ]
INFO: [ app_init ] --END-- [ RunTime:0.000234s ]
ERR: 无法加载模块:Chaoyangmall

[ 2017-12-13T21:44:47+08:00 ] ::1 /Public/images/nahuolun_emblem-bg.png
INFO: [ app_init ] --START--
INFO: Run Behavior\BuildLiteBehavior [ RunTime:0.000067s ]
INFO: [ app_init ] --END-- [ RunTime:0.000371s ]

[ 2017-12-13T21:44:47+08:00 ] ::1 /Public/images/nahuolun_logo_thin.png
INFO: [ app_init ] --START--
INFO: Run Behavior\BuildLiteBehavior [ RunTime:0.000032s ]
INFO: [ app_init ] --END-- [ RunTime:0.000501s ]

[ 2017-12-13T21:44:47+08:00 ] ::1 /Public/toastr/toastr.js.map
INFO: [ app_init ] --START--
INFO: Run Behavior\BuildLiteBehavior [ RunTime:0.000030s ]
INFO: [ app_init ] --END-- [ RunTime:0.000442s ]
ERR: 无法加载模块:Public

[ 2017-12-13T21:47:00+08:00 ] ::1 /Public/images/nahuolun_emblem-bg.png
INFO: [ app_init ] --START--
INFO: Run Behavior\BuildLiteBehavior [ RunTime:0.000028s ]
INFO: [ app_init ] --END-- [ RunTime:0.000630s ]

[ 2017-12-13T21:47:00+08:00 ] ::1 /Public/images/nahuolun_logo_thin.png
INFO: [ app_init ] --START--
INFO: Run Behavior\BuildLiteBehavior [ RunTime:0.000087s ]
INFO: [ app_init ] --END-- [ RunTime:0.000924s ]

[ 2017-12-13T21:47:00+08:00 ] ::1 /Public/toastr/toastr.js.map
INFO: [ app_init ] --START--
INFO: Run Behavior\BuildLiteBehavior [ RunTime:0.000019s ]
INFO: [ app_init ] --END-- [ RunTime:0.000294s ]
ERR: 无法加载模块:Public

[ 2017-12-13T21:47:07+08:00 ] ::1 /Public/images/nahuolun_emblem-bg.png
INFO: [ app_init ] --START--
INFO: Run Behavior\BuildLiteBehavior [ RunTime:0.000031s ]
INFO: [ app_init ] --END-- [ RunTime:0.000677s ]

[ 2017-12-13T21:47:07+08:00 ] ::1 /Public/images/nahuolun_logo_thin.png
INFO: [ app_init ] --START--
INFO: Run Behavior\BuildLiteBehavior [ RunTime:0.000026s ]
INFO: [ app_init ] --END-- [ RunTime:0.000532s ]

[ 2017-12-13T21:47:07+08:00 ] ::1 /Public/toastr/toastr.js.map
INFO: [ app_init ] --START--
INFO: Run Behavior\BuildLiteBehavior [ RunTime:0.000031s ]
INFO: [ app_init ] --END-- [ RunTime:0.000442s ]
ERR: 无法加载模块:Public

[ 2017-12-13T21:47:11+08:00 ] ::1 /Public/images/nahuolun_emblem-bg.png
INFO: [ app_init ] --START--
INFO: Run Behavior\BuildLiteBehavior [ RunTime:0.000028s ]
INFO: [ app_init ] --END-- [ RunTime:0.000595s ]

[ 2017-12-13T21:47:11+08:00 ] ::1 /Public/images/nahuolun_logo_thin.png
INFO: [ app_init ] --START--
INFO: Run Behavior\BuildLiteBehavior [ RunTime:0.000028s ]
INFO: [ app_init ] --END-- [ RunTime:0.000496s ]

[ 2017-12-13T21:47:11+08:00 ] ::1 /Public/toastr/toastr.js.map
INFO: [ app_init ] --START--
INFO: Run Behavior\BuildLiteBehavior [ RunTime:0.000029s ]
INFO: [ app_init ] --END-- [ RunTime:0.000409s ]
ERR: 无法加载模块:Public

[ 2017-12-13T21:47:20+08:00 ] ::1 /Public/images/nahuolun_emblem-bg.png
INFO: [ app_init ] --START--
INFO: Run Behavior\BuildLiteBehavior [ RunTime:0.000017s ]
INFO: [ app_init ] --END-- [ RunTime:0.000242s ]

[ 2017-12-13T21:47:20+08:00 ] ::1 /Public/images/nahuolun_logo_thin.png
INFO: [ app_init ] --START--
INFO: Run Behavior\BuildLiteBehavior [ RunTime:0.000018s ]
INFO: [ app_init ] --END-- [ RunTime:0.000243s ]

[ 2017-12-13T21:47:20+08:00 ] ::1 /Public/toastr/toastr.js.map
INFO: [ app_init ] --START--
INFO: Run Behavior\BuildLiteBehavior [ RunTime:0.000044s ]
INFO: [ app_init ] --END-- [ RunTime:0.000453s ]
ERR: 无法加载模块:Public

[ 2017-12-13T21:50:16+08:00 ] ::1 /Public/images/nahuolun_emblem-bg.png
INFO: [ app_init ] --START--
INFO: Run Behavior\BuildLiteBehavior [ RunTime:0.000026s ]
INFO: [ app_init ] --END-- [ RunTime:0.000402s ]

[ 2017-12-13T21:50:16+08:00 ] ::1 /Public/images/nahuolun_logo_thin.png
INFO: [ app_init ] --START--
INFO: Run Behavior\BuildLiteBehavior [ RunTime:0.000018s ]
INFO: [ app_init ] --END-- [ RunTime:0.000292s ]

[ 2017-12-13T21:55:37+08:00 ] ::1 /Public/images/nahuolun_emblem-bg.png
INFO: [ app_init ] --START--
INFO: Run Behavior\BuildLiteBehavior [ RunTime:0.000030s ]
INFO: [ app_init ] --END-- [ RunTime:0.000426s ]

[ 2017-12-13T21:55:37+08:00 ] ::1 /Public/images/nahuolun_logo_thin.png
INFO: [ app_init ] --START--
INFO: Run Behavior\BuildLiteBehavior [ RunTime:0.000062s ]
INFO: [ app_init ] --END-- [ RunTime:0.001310s ]

[ 2017-12-13T21:55:58+08:00 ] ::1 /Public/images/nahuolun_emblem-bg.png
INFO: [ app_init ] --START--
INFO: Run Behavior\BuildLiteBehavior [ RunTime:0.000021s ]
INFO: [ app_init ] --END-- [ RunTime:0.000378s ]

[ 2017-12-13T21:55:58+08:00 ] ::1 /Public/images/nahuolun_logo_thin.png
INFO: [ app_init ] --START--
INFO: Run Behavior\BuildLiteBehavior [ RunTime:0.000026s ]
INFO: [ app_init ] --END-- [ RunTime:0.000277s ]

[ 2017-12-13T21:56:08+08:00 ] ::1 /Public/images/nahuolun_logo_thin.png
INFO: [ app_init ] --START--
INFO: Run Behavior\BuildLiteBehavior [ RunTime:0.000041s ]
INFO: [ app_init ] --END-- [ RunTime:0.000569s ]

[ 2017-12-13T21:56:08+08:00 ] ::1 /Public/images/nahuolun_emblem-bg.png
INFO: [ app_init ] --START--
INFO: Run Behavior\BuildLiteBehavior [ RunTime:0.000035s ]
INFO: [ app_init ] --END-- [ RunTime:0.000935s ]

[ 2017-12-13T21:56:10+08:00 ] ::1 /Public/images/nahuolun_logo_thin.png
INFO: [ app_init ] --START--
INFO: Run Behavior\BuildLiteBehavior [ RunTime:0.000028s ]
INFO: [ app_init ] --END-- [ RunTime:0.000402s ]

[ 2017-12-13T21:56:10+08:00 ] ::1 /Public/images/nahuolun_emblem-bg.png
INFO: [ app_init ] --START--
INFO: Run Behavior\BuildLiteBehavior [ RunTime:0.000056s ]
INFO: [ app_init ] --END-- [ RunTime:0.001505s ]

[ 2017-12-13T21:56:14+08:00 ] ::1 /Public/images/nahuolun_emblem-bg.png
INFO: [ app_init ] --START--
INFO: Run Behavior\BuildLiteBehavior [ RunTime:0.000032s ]
INFO: [ app_init ] --END-- [ RunTime:0.000945s ]

[ 2017-12-13T21:56:14+08:00 ] ::1 /Public/images/nahuolun_logo_thin.png
INFO: [ app_init ] --START--
INFO: Run Behavior\BuildLiteBehavior [ RunTime:0.000029s ]
INFO: [ app_init ] --END-- [ RunTime:0.000440s ]

[ 2017-12-13T21:56:54+08:00 ] ::1 /Public/images/nahuolun_logo_thin.png
INFO: [ app_init ] --START--
INFO: Run Behavior\BuildLiteBehavior [ RunTime:0.000029s ]
INFO: [ app_init ] --END-- [ RunTime:0.000403s ]

[ 2017-12-13T21:56:54+08:00 ] ::1 /Public/images/nahuolun_emblem-bg.png
INFO: [ app_init ] --START--
INFO: Run Behavior\BuildLiteBehavior [ RunTime:0.000023s ]
INFO: [ app_init ] --END-- [ RunTime:0.000391s ]

[ 2017-12-13T21:57:30+08:00 ] ::1 /Public/images/nahuolun_emblem-bg.png
INFO: [ app_init ] --START--
INFO: Run Behavior\BuildLiteBehavior [ RunTime:0.000021s ]
INFO: [ app_init ] --END-- [ RunTime:0.000496s ]

[ 2017-12-13T21:57:30+08:00 ] ::1 /Public/images/nahuolun_logo_thin.png
INFO: [ app_init ] --START--
INFO: Run Behavior\BuildLiteBehavior [ RunTime:0.000018s ]
INFO: [ app_init ] --END-- [ RunTime:0.000293s ]

[ 2017-12-13T21:57:33+08:00 ] ::1 /Public/images/nahuolun_logo_thin.png
INFO: [ app_init ] --START--
INFO: Run Behavior\BuildLiteBehavior [ RunTime:0.000034s ]
INFO: [ app_init ] --END-- [ RunTime:0.000656s ]

[ 2017-12-13T21:57:33+08:00 ] ::1 /Public/images/nahuolun_emblem-bg.png
INFO: [ app_init ] --START--
INFO: Run Behavior\BuildLiteBehavior [ RunTime:0.000045s ]
INFO: [ app_init ] --END-- [ RunTime:0.006303s ]

[ 2017-12-13T21:57:36+08:00 ] ::1 /Public/images/nahuolun_emblem-bg.png
INFO: [ app_init ] --START--
INFO: Run Behavior\BuildLiteBehavior [ RunTime:0.000031s ]
INFO: [ app_init ] --END-- [ RunTime:0.000409s ]

[ 2017-12-13T21:57:36+08:00 ] ::1 /Public/images/nahuolun_logo_thin.png
INFO: [ app_init ] --START--
INFO: Run Behavior\BuildLiteBehavior [ RunTime:0.000032s ]
INFO: [ app_init ] --END-- [ RunTime:0.001629s ]

[ 2017-12-13T21:57:42+08:00 ] ::1 /Public/images/nahuolun_logo_thin.png
INFO: [ app_init ] --START--
INFO: Run Behavior\BuildLiteBehavior [ RunTime:0.000030s ]
INFO: [ app_init ] --END-- [ RunTime:0.000458s ]

[ 2017-12-13T21:57:42+08:00 ] ::1 /Public/images/nahuolun_emblem-bg.png
INFO: [ app_init ] --START--
INFO: Run Behavior\BuildLiteBehavior [ RunTime:0.000030s ]
INFO: [ app_init ] --END-- [ RunTime:0.000441s ]

[ 2017-12-13T21:58:46+08:00 ] ::1 /Public/images/nahuolun_emblem-bg.png
INFO: [ app_init ] --START--
INFO: Run Behavior\BuildLiteBehavior [ RunTime:0.000030s ]
INFO: [ app_init ] --END-- [ RunTime:0.000449s ]

[ 2017-12-13T21:58:46+08:00 ] ::1 /Public/images/nahuolun_logo_thin.png
INFO: [ app_init ] --START--
INFO: Run Behavior\BuildLiteBehavior [ RunTime:0.000019s ]
INFO: [ app_init ] --END-- [ RunTime:0.000288s ]

[ 2017-12-13T21:59:05+08:00 ] ::1 /Public/images/nahuolun_emblem-bg.png
INFO: [ app_init ] --START--
INFO: Run Behavior\BuildLiteBehavior [ RunTime:0.000037s ]
INFO: [ app_init ] --END-- [ RunTime:0.001923s ]

[ 2017-12-13T21:59:05+08:00 ] ::1 /Public/images/nahuolun_logo_thin.png
INFO: [ app_init ] --START--
INFO: Run Behavior\BuildLiteBehavior [ RunTime:0.000031s ]
INFO: [ app_init ] --END-- [ RunTime:0.000941s ]

[ 2017-12-13T21:59:10+08:00 ] ::1 /Public/images/nahuolun_emblem-bg.png
INFO: [ app_init ] --START--
INFO: Run Behavior\BuildLiteBehavior [ RunTime:0.000017s ]
INFO: [ app_init ] --END-- [ RunTime:0.000240s ]

[ 2017-12-13T21:59:10+08:00 ] ::1 /Public/images/nahuolun_logo_thin.png
INFO: [ app_init ] --START--
INFO: Run Behavior\BuildLiteBehavior [ RunTime:0.000017s ]
INFO: [ app_init ] --END-- [ RunTime:0.000241s ]

[ 2017-12-13T21:59:15+08:00 ] ::1 /Public/images/nahuolun_emblem-bg.png
INFO: [ app_init ] --START--
INFO: Run Behavior\BuildLiteBehavior [ RunTime:0.000034s ]
INFO: [ app_init ] --END-- [ RunTime:0.000425s ]

[ 2017-12-13T21:59:15+08:00 ] ::1 /Public/images/nahuolun_logo_thin.png
INFO: [ app_init ] --START--
INFO: Run Behavior\BuildLiteBehavior [ RunTime:0.000022s ]
INFO: [ app_init ] --END-- [ RunTime:0.000459s ]

[ 2017-12-13T21:59:22+08:00 ] ::1 /Public/images/nahuolun_logo_thin.png
INFO: [ app_init ] --START--
INFO: Run Behavior\BuildLiteBehavior [ RunTime:0.000032s ]
INFO: [ app_init ] --END-- [ RunTime:0.000413s ]

[ 2017-12-13T21:59:22+08:00 ] ::1 /Public/images/nahuolun_emblem-bg.png
INFO: [ app_init ] --START--
INFO: Run Behavior\BuildLiteBehavior [ RunTime:0.000029s ]
INFO: [ app_init ] --END-- [ RunTime:0.000479s ]

[ 2017-12-13T21:59:30+08:00 ] ::1 /Public/images/nahuolun_emblem-bg.png
INFO: [ app_init ] --START--
INFO: Run Behavior\BuildLiteBehavior [ RunTime:0.000019s ]
INFO: [ app_init ] --END-- [ RunTime:0.000276s ]

[ 2017-12-13T21:59:30+08:00 ] ::1 /Public/images/nahuolun_logo_thin.png
INFO: [ app_init ] --START--
INFO: Run Behavior\BuildLiteBehavior [ RunTime:0.000020s ]
INFO: [ app_init ] --END-- [ RunTime:0.000263s ]

[ 2017-12-13T21:59:57+08:00 ] ::1 /Public/images/nahuolun_logo_thin.png
INFO: [ app_init ] --START--
INFO: Run Behavior\BuildLiteBehavior [ RunTime:0.000031s ]
INFO: [ app_init ] --END-- [ RunTime:0.000648s ]

[ 2017-12-13T21:59:57+08:00 ] ::1 /Public/images/nahuolun_emblem-bg.png
INFO: [ app_init ] --START--
INFO: Run Behavior\BuildLiteBehavior [ RunTime:0.000030s ]
INFO: [ app_init ] --END-- [ RunTime:0.001339s ]

[ 2017-12-13T21:59:57+08:00 ] ::1 /Public/toastr/toastr.js.map
INFO: [ app_init ] --START--
INFO: Run Behavior\BuildLiteBehavior [ RunTime:0.000024s ]
INFO: [ app_init ] --END-- [ RunTime:0.000366s ]
ERR: 无法加载模块:Public

[ 2017-12-13T22:00:11+08:00 ] ::1 /Public/images/nahuolun_emblem-bg.png
INFO: [ app_init ] --START--
INFO: Run Behavior\BuildLiteBehavior [ RunTime:0.000029s ]
INFO: [ app_init ] --END-- [ RunTime:0.000363s ]

[ 2017-12-13T22:00:11+08:00 ] ::1 /Public/images/nahuolun_logo_thin.png
INFO: [ app_init ] --START--
INFO: Run Behavior\BuildLiteBehavior [ RunTime:0.000028s ]
INFO: [ app_init ] --END-- [ RunTime:0.000686s ]

[ 2017-12-13T22:00:29+08:00 ] ::1 /Public/images/nahuolun_logo_thin.png
INFO: [ app_init ] --START--
INFO: Run Behavior\BuildLiteBehavior [ RunTime:0.000029s ]
INFO: [ app_init ] --END-- [ RunTime:0.000429s ]

[ 2017-12-13T22:00:29+08:00 ] ::1 /Public/images/nahuolun_emblem-bg.png
INFO: [ app_init ] --START--
INFO: Run Behavior\BuildLiteBehavior [ RunTime:0.000019s ]
INFO: [ app_init ] --END-- [ RunTime:0.000278s ]

[ 2017-12-13T22:00:36+08:00 ] ::1 /Public/images/nahuolun_emblem-bg.png
INFO: [ app_init ] --START--
INFO: Run Behavior\BuildLiteBehavior [ RunTime:0.000148s ]
INFO: [ app_init ] --END-- [ RunTime:0.000918s ]

[ 2017-12-13T22:00:36+08:00 ] ::1 /Public/images/nahuolun_logo_thin.png
INFO: [ app_init ] --START--
INFO: Run Behavior\BuildLiteBehavior [ RunTime:0.000027s ]
INFO: [ app_init ] --END-- [ RunTime:0.000390s ]

[ 2017-12-13T22:00:39+08:00 ] ::1 /Public/images/nahuolun_emblem-bg.png
INFO: [ app_init ] --START--
INFO: Run Behavior\BuildLiteBehavior [ RunTime:0.000027s ]
INFO: [ app_init ] --END-- [ RunTime:0.000395s ]

[ 2017-12-13T22:00:39+08:00 ] ::1 /Public/images/nahuolun_logo_thin.png
INFO: [ app_init ] --START--
INFO: Run Behavior\BuildLiteBehavior [ RunTime:0.000020s ]
INFO: [ app_init ] --END-- [ RunTime:0.000261s ]

[ 2017-12-13T22:00:47+08:00 ] ::1 /Public/images/nahuolun_emblem-bg.png
INFO: [ app_init ] --START--
INFO: Run Behavior\BuildLiteBehavior [ RunTime:0.000029s ]
INFO: [ app_init ] --END-- [ RunTime:0.000427s ]

[ 2017-12-13T22:00:47+08:00 ] ::1 /Public/images/nahuolun_logo_thin.png
INFO: [ app_init ] --START--
INFO: Run Behavior\BuildLiteBehavior [ RunTime:0.000026s ]
INFO: [ app_init ] --END-- [ RunTime:0.000298s ]

[ 2017-12-13T22:02:11+08:00 ] ::1 /Public/js/Home/address.js
INFO: [ app_init ] --START--
INFO: Run Behavior\BuildLiteBehavior [ RunTime:0.000018s ]
INFO: [ app_init ] --END-- [ RunTime:0.000253s ]
ERR: 无法加载模块:Public

[ 2017-12-13T22:02:11+08:00 ] ::1 /Public/js/Admin/client.edit.js
INFO: [ app_init ] --START--
INFO: Run Behavior\BuildLiteBehavior [ RunTime:0.000046s ]
INFO: [ app_init ] --END-- [ RunTime:0.000389s ]
ERR: 无法加载模块:Public

[ 2017-12-13T22:02:11+08:00 ] ::1 /Public/js/Home/operateCategory.js
INFO: [ app_init ] --START--
INFO: Run Behavior\BuildLiteBehavior [ RunTime:0.000018s ]
INFO: [ app_init ] --END-- [ RunTime:0.000272s ]
ERR: 无法加载模块:Public

[ 2017-12-13T22:02:11+08:00 ] ::1 /Public/images/nahuolun_emblem-bg.png
INFO: [ app_init ] --START--
INFO: Run Behavior\BuildLiteBehavior [ RunTime:0.000033s ]
INFO: [ app_init ] --END-- [ RunTime:0.000696s ]

[ 2017-12-13T22:02:11+08:00 ] ::1 /Public/images/nahuolun_logo_thin.png
INFO: [ app_init ] --START--
INFO: Run Behavior\BuildLiteBehavior [ RunTime:0.000040s ]
INFO: [ app_init ] --END-- [ RunTime:0.000551s ]

[ 2017-12-13T22:02:11+08:00 ] ::1 /Public/js/Home/address.js
INFO: [ app_init ] --START--
INFO: Run Behavior\BuildLiteBehavior [ RunTime:0.000018s ]
INFO: [ app_init ] --END-- [ RunTime:0.000284s ]
ERR: 无法加载模块:Public

[ 2017-12-13T22:02:11+08:00 ] ::1 /Public/js/Admin/client.edit.js
INFO: [ app_init ] --START--
INFO: Run Behavior\BuildLiteBehavior [ RunTime:0.000019s ]
INFO: [ app_init ] --END-- [ RunTime:0.000340s ]
ERR: 无法加载模块:Public

[ 2017-12-13T22:02:11+08:00 ] ::1 /Public/js/Home/operateCategory.js
INFO: [ app_init ] --START--
INFO: Run Behavior\BuildLiteBehavior [ RunTime:0.000038s ]
INFO: [ app_init ] --END-- [ RunTime:0.000444s ]
ERR: 无法加载模块:Public

[ 2017-12-13T22:08:11+08:00 ] ::1 /Public/images/nahuolun_emblem-bg.png
INFO: [ app_init ] --START--
INFO: Run Behavior\BuildLiteBehavior [ RunTime:0.000036s ]
INFO: [ app_init ] --END-- [ RunTime:0.000671s ]

[ 2017-12-13T22:08:11+08:00 ] ::1 /Public/images/nahuolun_logo_thin.png
INFO: [ app_init ] --START--
INFO: Run Behavior\BuildLiteBehavior [ RunTime:0.000018s ]
INFO: [ app_init ] --END-- [ RunTime:0.000252s ]

[ 2017-12-13T22:08:16+08:00 ] ::1 /Public/toastr/toastr.js.map
INFO: [ app_init ] --START--
INFO: Run Behavior\BuildLiteBehavior [ RunTime:0.000058s ]
INFO: [ app_init ] --END-- [ RunTime:0.000843s ]
ERR: 无法加载模块:Public

[ 2017-12-13T22:09:21+08:00 ] ::1 /Public/images/nahuolun_emblem-bg.png
INFO: [ app_init ] --START--
INFO: Run Behavior\BuildLiteBehavior [ RunTime:0.000041s ]
INFO: [ app_init ] --END-- [ RunTime:0.000990s ]

[ 2017-12-13T22:09:21+08:00 ] ::1 /Public/images/nahuolun_logo_thin.png
INFO: [ app_init ] --START--
INFO: Run Behavior\BuildLiteBehavior [ RunTime:0.000034s ]
INFO: [ app_init ] --END-- [ RunTime:0.000573s ]

[ 2017-12-13T22:09:21+08:00 ] ::1 /Public/toastr/toastr.js.map
INFO: [ app_init ] --START--
INFO: Run Behavior\BuildLiteBehavior [ RunTime:0.000037s ]
INFO: [ app_init ] --END-- [ RunTime:0.001526s ]
ERR: 无法加载模块:Public

[ 2017-12-13T22:10:29+08:00 ] ::1 /Public/images/nahuolun_logo_thin.png
INFO: [ app_init ] --START--
INFO: Run Behavior\BuildLiteBehavior [ RunTime:0.000034s ]
INFO: [ app_init ] --END-- [ RunTime:0.000852s ]

[ 2017-12-13T22:10:29+08:00 ] ::1 /Public/images/nahuolun_emblem-bg.png
INFO: [ app_init ] --START--
INFO: Run Behavior\BuildLiteBehavior [ RunTime:0.001653s ]
INFO: [ app_init ] --END-- [ RunTime:0.007380s ]

[ 2017-12-13T22:11:03+08:00 ] ::1 /Public/images/nahuolun_emblem-bg.png
INFO: [ app_init ] --START--
INFO: Run Behavior\BuildLiteBehavior [ RunTime:0.000031s ]
INFO: [ app_init ] --END-- [ RunTime:0.000657s ]

[ 2017-12-13T22:11:03+08:00 ] ::1 /Public/images/nahuolun_logo_thin.png
INFO: [ app_init ] --START--
INFO: Run Behavior\BuildLiteBehavior [ RunTime:0.000040s ]
INFO: [ app_init ] --END-- [ RunTime:0.002323s ]

[ 2017-12-13T22:11:08+08:00 ] ::1 /Public/images/nahuolun_emblem-bg.png
INFO: [ app_init ] --START--
INFO: Run Behavior\BuildLiteBehavior [ RunTime:0.000018s ]
INFO: [ app_init ] --END-- [ RunTime:0.000250s ]

[ 2017-12-13T22:11:08+08:00 ] ::1 /Public/images/nahuolun_logo_thin.png
INFO: [ app_init ] --START--
INFO: Run Behavior\BuildLiteBehavior [ RunTime:0.000019s ]
INFO: [ app_init ] --END-- [ RunTime:0.000264s ]

[ 2017-12-13T22:11:59+08:00 ] ::1 /Public/images/nahuolun_emblem-bg.png
INFO: [ app_init ] --START--
INFO: Run Behavior\BuildLiteBehavior [ RunTime:0.000029s ]
INFO: [ app_init ] --END-- [ RunTime:0.000417s ]

[ 2017-12-13T22:11:59+08:00 ] ::1 /Public/images/nahuolun_logo_thin.png
INFO: [ app_init ] --START--
INFO: Run Behavior\BuildLiteBehavior [ RunTime:0.000075s ]
INFO: [ app_init ] --END-- [ RunTime:0.002344s ]

[ 2017-12-13T22:11:59+08:00 ] ::1 /Public/toastr/toastr.js.map
INFO: [ app_init ] --START--
INFO: Run Behavior\BuildLiteBehavior [ RunTime:0.000190s ]
INFO: [ app_init ] --END-- [ RunTime:0.000652s ]
ERR: 无法加载模块:Public

[ 2017-12-13T22:12:32+08:00 ] ::1 /Public/images/nahuolun_logo_thin.png
INFO: [ app_init ] --START--
INFO: Run Behavior\BuildLiteBehavior [ RunTime:0.000028s ]
INFO: [ app_init ] --END-- [ RunTime:0.000433s ]

[ 2017-12-13T22:12:32+08:00 ] ::1 /Public/images/nahuolun_emblem-bg.png
INFO: [ app_init ] --START--
INFO: Run Behavior\BuildLiteBehavior [ RunTime:0.000042s ]
INFO: [ app_init ] --END-- [ RunTime:0.000435s ]

[ 2017-12-13T22:12:32+08:00 ] ::1 /Public/toastr/toastr.js.map
INFO: [ app_init ] --START--
INFO: Run Behavior\BuildLiteBehavior [ RunTime:0.000028s ]
INFO: [ app_init ] --END-- [ RunTime:0.000370s ]
ERR: 无法加载模块:Public

[ 2017-12-13T22:14:47+08:00 ] ::1 /Public/images/nahuolun_emblem-bg.png
INFO: [ app_init ] --START--
INFO: Run Behavior\BuildLiteBehavior [ RunTime:0.000032s ]
INFO: [ app_init ] --END-- [ RunTime:0.000914s ]

[ 2017-12-13T22:14:47+08:00 ] ::1 /Public/images/nahuolun_logo_thin.png
INFO: [ app_init ] --START--
INFO: Run Behavior\BuildLiteBehavior [ RunTime:0.000037s ]
INFO: [ app_init ] --END-- [ RunTime:0.001217s ]

[ 2017-12-13T22:14:47+08:00 ] ::1 /Public/toastr/toastr.js.map
INFO: [ app_init ] --START--
INFO: Run Behavior\BuildLiteBehavior [ RunTime:0.000029s ]
INFO: [ app_init ] --END-- [ RunTime:0.000407s ]
ERR: 无法加载模块:Public

[ 2017-12-13T22:14:57+08:00 ] ::1 /Public/images/nahuolun_emblem-bg.png
INFO: [ app_init ] --START--
INFO: Run Behavior\BuildLiteBehavior [ RunTime:0.000068s ]
INFO: [ app_init ] --END-- [ RunTime:0.005632s ]

[ 2017-12-13T22:14:57+08:00 ] ::1 /Public/images/nahuolun_logo_thin.png
INFO: [ app_init ] --START--
INFO: Run Behavior\BuildLiteBehavior [ RunTime:0.000029s ]
INFO: [ app_init ] --END-- [ RunTime:0.000580s ]

[ 2017-12-13T22:14:57+08:00 ] ::1 /Public/toastr/toastr.js.map
INFO: [ app_init ] --START--
INFO: Run Behavior\BuildLiteBehavior [ RunTime:0.000035s ]
INFO: [ app_init ] --END-- [ RunTime:0.002355s ]
ERR: 无法加载模块:Public

[ 2017-12-13T22:15:00+08:00 ] ::1 /Public/images/nahuolun_emblem-bg.png
INFO: [ app_init ] --START--
INFO: Run Behavior\BuildLiteBehavior [ RunTime:0.000031s ]
INFO: [ app_init ] --END-- [ RunTime:0.000565s ]

[ 2017-12-13T22:15:00+08:00 ] ::1 /Public/images/nahuolun_logo_thin.png
INFO: [ app_init ] --START--
INFO: Run Behavior\BuildLiteBehavior [ RunTime:0.000031s ]
INFO: [ app_init ] --END-- [ RunTime:0.000438s ]

[ 2017-12-13T22:15:00+08:00 ] ::1 /Public/toastr/toastr.js.map
INFO: [ app_init ] --START--
INFO: Run Behavior\BuildLiteBehavior [ RunTime:0.000034s ]
INFO: [ app_init ] --END-- [ RunTime:0.000425s ]
ERR: 无法加载模块:Public

[ 2017-12-13T22:15:24+08:00 ] ::1 /Public/images/nahuolun_logo_thin.png
INFO: [ app_init ] --START--
INFO: Run Behavior\BuildLiteBehavior [ RunTime:0.000028s ]
INFO: [ app_init ] --END-- [ RunTime:0.000385s ]

[ 2017-12-13T22:15:24+08:00 ] ::1 /Public/images/nahuolun_emblem-bg.png
INFO: [ app_init ] --START--
INFO: Run Behavior\BuildLiteBehavior [ RunTime:0.000026s ]
INFO: [ app_init ] --END-- [ RunTime:0.000480s ]

[ 2017-12-13T22:15:24+08:00 ] ::1 /Public/toastr/toastr.js.map
INFO: [ app_init ] --START--
INFO: Run Behavior\BuildLiteBehavior [ RunTime:0.000028s ]
INFO: [ app_init ] --END-- [ RunTime:0.000402s ]
ERR: 无法加载模块:Public

[ 2017-12-13T22:16:16+08:00 ] ::1 /Public/images/nahuolun_logo_thin.png
INFO: [ app_init ] --START--
INFO: Run Behavior\BuildLiteBehavior [ RunTime:0.000034s ]
INFO: [ app_init ] --END-- [ RunTime:0.000560s ]

[ 2017-12-13T22:16:16+08:00 ] ::1 /Public/toastr/toastr.js.map
INFO: [ app_init ] --START--
INFO: Run Behavior\BuildLiteBehavior [ RunTime:0.000030s ]
INFO: [ app_init ] --END-- [ RunTime:0.000598s ]
ERR: 无法加载模块:Public

[ 2017-12-13T22:16:16+08:00 ] ::1 /Public/images/nahuolun_emblem-bg.png
INFO: [ app_init ] --START--
INFO: Run Behavior\BuildLiteBehavior [ RunTime:0.000032s ]
INFO: [ app_init ] --END-- [ RunTime:0.000622s ]

[ 2017-12-13T22:17:28+08:00 ] ::1 /Public/images/nahuolun_emblem-bg.png
INFO: [ app_init ] --START--
INFO: Run Behavior\BuildLiteBehavior [ RunTime:0.000092s ]
INFO: [ app_init ] --END-- [ RunTime:0.001029s ]

[ 2017-12-13T22:17:28+08:00 ] ::1 /Public/images/nahuolun_logo_thin.png
INFO: [ app_init ] --START--
INFO: Run Behavior\BuildLiteBehavior [ RunTime:0.000033s ]
INFO: [ app_init ] --END-- [ RunTime:0.002250s ]

[ 2017-12-13T22:17:28+08:00 ] ::1 /Public/toastr/toastr.js.map
INFO: [ app_init ] --START--
INFO: Run Behavior\BuildLiteBehavior [ RunTime:0.000029s ]
INFO: [ app_init ] --END-- [ RunTime:0.000409s ]
ERR: 无法加载模块:Public

[ 2017-12-13T22:17:43+08:00 ] ::1 /Public/images/nahuolun_logo_thin.png
INFO: [ app_init ] --START--
INFO: Run Behavior\BuildLiteBehavior [ RunTime:0.000027s ]
INFO: [ app_init ] --END-- [ RunTime:0.000477s ]

[ 2017-12-13T22:17:43+08:00 ] ::1 /Public/images/nahuolun_emblem-bg.png
INFO: [ app_init ] --START--
INFO: Run Behavior\BuildLiteBehavior [ RunTime:0.000027s ]
INFO: [ app_init ] --END-- [ RunTime:0.000397s ]

[ 2017-12-13T22:17:43+08:00 ] ::1 /Public/toastr/toastr.js.map
INFO: [ app_init ] --START--
INFO: Run Behavior\BuildLiteBehavior [ RunTime:0.000030s ]
INFO: [ app_init ] --END-- [ RunTime:0.000432s ]
ERR: 无法加载模块:Public

[ 2017-12-13T22:18:09+08:00 ] ::1 /Public/images/nahuolun_logo_thin.png
INFO: [ app_init ] --START--
INFO: Run Behavior\BuildLiteBehavior [ RunTime:0.000027s ]
INFO: [ app_init ] --END-- [ RunTime:0.000378s ]

[ 2017-12-13T22:18:09+08:00 ] ::1 /Public/images/nahuolun_emblem-bg.png
INFO: [ app_init ] --START--
INFO: Run Behavior\BuildLiteBehavior [ RunTime:0.000029s ]
INFO: [ app_init ] --END-- [ RunTime:0.000436s ]

[ 2017-12-13T22:18:09+08:00 ] ::1 /Public/toastr/toastr.js.map
INFO: [ app_init ] --START--
INFO: Run Behavior\BuildLiteBehavior [ RunTime:0.000029s ]
INFO: [ app_init ] --END-- [ RunTime:0.000652s ]
ERR: 无法加载模块:Public

[ 2017-12-13T22:19:43+08:00 ] ::1 /Public/images/nahuolun_emblem-bg.png
INFO: [ app_init ] --START--
INFO: Run Behavior\BuildLiteBehavior [ RunTime:0.000018s ]
INFO: [ app_init ] --END-- [ RunTime:0.000244s ]

[ 2017-12-13T22:19:43+08:00 ] ::1 /Public/images/nahuolun_logo_thin.png
INFO: [ app_init ] --START--
INFO: Run Behavior\BuildLiteBehavior [ RunTime:0.000017s ]
INFO: [ app_init ] --END-- [ RunTime:0.000252s ]

[ 2017-12-13T22:19:43+08:00 ] ::1 /Public/toastr/toastr.js.map
INFO: [ app_init ] --START--
INFO: Run Behavior\BuildLiteBehavior [ RunTime:0.000030s ]
INFO: [ app_init ] --END-- [ RunTime:0.000409s ]
ERR: 无法加载模块:Public

[ 2017-12-13T22:20:28+08:00 ] ::1 /Public/images/nahuolun_logo_thin.png
INFO: [ app_init ] --START--
INFO: Run Behavior\BuildLiteBehavior [ RunTime:0.000035s ]
INFO: [ app_init ] --END-- [ RunTime:0.000391s ]

[ 2017-12-13T22:20:28+08:00 ] ::1 /Public/images/nahuolun_emblem-bg.png
INFO: [ app_init ] --START--
INFO: Run Behavior\BuildLiteBehavior [ RunTime:0.000037s ]
INFO: [ app_init ] --END-- [ RunTime:0.000570s ]

[ 2017-12-13T22:20:29+08:00 ] ::1 /Public/toastr/toastr.js.map
INFO: [ app_init ] --START--
INFO: Run Behavior\BuildLiteBehavior [ RunTime:0.000053s ]
INFO: [ app_init ] --END-- [ RunTime:0.001026s ]
ERR: 无法加载模块:Public

[ 2017-12-13T22:21:16+08:00 ] ::1 /Public/images/nahuolun_emblem-bg.png
INFO: [ app_init ] --START--
INFO: Run Behavior\BuildLiteBehavior [ RunTime:0.000042s ]
INFO: [ app_init ] --END-- [ RunTime:0.001122s ]

[ 2017-12-13T22:21:16+08:00 ] ::1 /Public/images/nahuolun_logo_thin.png
INFO: [ app_init ] --START--
INFO: Run Behavior\BuildLiteBehavior [ RunTime:0.000033s ]
INFO: [ app_init ] --END-- [ RunTime:0.000609s ]

[ 2017-12-13T22:21:16+08:00 ] ::1 /Public/toastr/toastr.js.map
INFO: [ app_init ] --START--
INFO: Run Behavior\BuildLiteBehavior [ RunTime:0.000033s ]
INFO: [ app_init ] --END-- [ RunTime:0.001262s ]
ERR: 无法加载模块:Public

[ 2017-12-13T22:33:18+08:00 ] ::1 /Public/images/nahuolun_emblem-bg.png
INFO: [ app_init ] --START--
INFO: Run Behavior\BuildLiteBehavior [ RunTime:0.000030s ]
INFO: [ app_init ] --END-- [ RunTime:0.000476s ]

[ 2017-12-13T22:33:18+08:00 ] ::1 /Public/images/nahuolun_logo_thin.png
INFO: [ app_init ] --START--
INFO: Run Behavior\BuildLiteBehavior [ RunTime:0.000033s ]
INFO: [ app_init ] --END-- [ RunTime:0.000590s ]

[ 2017-12-13T22:33:18+08:00 ] ::1 /Public/toastr/toastr.js.map
INFO: [ app_init ] --START--
INFO: Run Behavior\BuildLiteBehavior [ RunTime:0.000546s ]
INFO: [ app_init ] --END-- [ RunTime:0.004199s ]
ERR: 无法加载模块:Public

[ 2017-12-13T22:33:28+08:00 ] ::1 /Public/images/nahuolun_logo_thin.png
INFO: [ app_init ] --START--
INFO: Run Behavior\BuildLiteBehavior [ RunTime:0.000040s ]
INFO: [ app_init ] --END-- [ RunTime:0.000713s ]

[ 2017-12-13T22:33:28+08:00 ] ::1 /Public/images/nahuolun_emblem-bg.png
INFO: [ app_init ] --START--
INFO: Run Behavior\BuildLiteBehavior [ RunTime:0.000030s ]
INFO: [ app_init ] --END-- [ RunTime:0.000464s ]

[ 2017-12-13T22:33:28+08:00 ] ::1 /Public/toastr/toastr.js.map
INFO: [ app_init ] --START--
INFO: Run Behavior\BuildLiteBehavior [ RunTime:0.000025s ]
INFO: [ app_init ] --END-- [ RunTime:0.000546s ]
ERR: 无法加载模块:Public

[ 2017-12-13T22:33:35+08:00 ] ::1 /Public/images/nahuolun_logo_thin.png
INFO: [ app_init ] --START--
INFO: Run Behavior\BuildLiteBehavior [ RunTime:0.000031s ]
INFO: [ app_init ] --END-- [ RunTime:0.000459s ]

[ 2017-12-13T22:33:35+08:00 ] ::1 /Public/images/nahuolun_emblem-bg.png
INFO: [ app_init ] --START--
INFO: Run Behavior\BuildLiteBehavior [ RunTime:0.000053s ]
INFO: [ app_init ] --END-- [ RunTime:0.001318s ]

[ 2017-12-13T22:33:35+08:00 ] ::1 /Public/toastr/toastr.js.map
INFO: [ app_init ] --START--
INFO: Run Behavior\BuildLiteBehavior [ RunTime:0.000084s ]
INFO: [ app_init ] --END-- [ RunTime:0.001118s ]
ERR: 无法加载模块:Public

[ 2017-12-13T22:34:26+08:00 ] ::1 /Public/images/nahuolun_emblem-bg.png
INFO: [ app_init ] --START--
INFO: Run Behavior\BuildLiteBehavior [ RunTime:0.000035s ]
INFO: [ app_init ] --END-- [ RunTime:0.000556s ]

[ 2017-12-13T22:34:26+08:00 ] ::1 /Public/images/nahuolun_logo_thin.png
INFO: [ app_init ] --START--
INFO: Run Behavior\BuildLiteBehavior [ RunTime:0.000023s ]
INFO: [ app_init ] --END-- [ RunTime:0.000588s ]

[ 2017-12-13T22:34:26+08:00 ] ::1 /Public/toastr/toastr.js.map
INFO: [ app_init ] --START--
INFO: Run Behavior\BuildLiteBehavior [ RunTime:0.000037s ]
INFO: [ app_init ] --END-- [ RunTime:0.000644s ]
ERR: 无法加载模块:Public

[ 2017-12-13T22:34:35+08:00 ] ::1 /Public/images/nahuolun_logo_thin.png
INFO: [ app_init ] --START--
INFO: Run Behavior\BuildLiteBehavior [ RunTime:0.000048s ]
INFO: [ app_init ] --END-- [ RunTime:0.006397s ]

[ 2017-12-13T22:34:35+08:00 ] ::1 /Public/images/nahuolun_emblem-bg.png
INFO: [ app_init ] --START--
INFO: Run Behavior\BuildLiteBehavior [ RunTime:0.000069s ]
INFO: [ app_init ] --END-- [ RunTime:0.003995s ]

[ 2017-12-13T22:34:35+08:00 ] ::1 /Public/toastr/toastr.js.map
INFO: [ app_init ] --START--
INFO: Run Behavior\BuildLiteBehavior [ RunTime:0.000032s ]
INFO: [ app_init ] --END-- [ RunTime:0.000509s ]
ERR: 无法加载模块:Public

[ 2017-12-13T22:34:37+08:00 ] ::1 /Public/images/nahuolun_emblem-bg.png
INFO: [ app_init ] --START--
INFO: Run Behavior\BuildLiteBehavior [ RunTime:0.000035s ]
INFO: [ app_init ] --END-- [ RunTime:0.000541s ]

[ 2017-12-13T22:34:37+08:00 ] ::1 /Public/images/nahuolun_logo_thin.png
INFO: [ app_init ] --START--
INFO: Run Behavior\BuildLiteBehavior [ RunTime:0.000020s ]
INFO: [ app_init ] --END-- [ RunTime:0.000388s ]

[ 2017-12-13T22:34:37+08:00 ] ::1 /Public/toastr/toastr.js.map
INFO: [ app_init ] --START--
INFO: Run Behavior\BuildLiteBehavior [ RunTime:0.000032s ]
INFO: [ app_init ] --END-- [ RunTime:0.000646s ]
ERR: 无法加载模块:Public

[ 2017-12-13T22:34:41+08:00 ] ::1 /Public/images/nahuolun_emblem-bg.png
INFO: [ app_init ] --START--
INFO: Run Behavior\BuildLiteBehavior [ RunTime:0.000062s ]
INFO: [ app_init ] --END-- [ RunTime:0.001216s ]

[ 2017-12-13T22:34:41+08:00 ] ::1 /Public/images/nahuolun_logo_thin.png
INFO: [ app_init ] --START--
INFO: Run Behavior\BuildLiteBehavior [ RunTime:0.000034s ]
INFO: [ app_init ] --END-- [ RunTime:0.000838s ]

[ 2017-12-13T22:34:41+08:00 ] ::1 /Public/toastr/toastr.js.map
INFO: [ app_init ] --START--
INFO: Run Behavior\BuildLiteBehavior [ RunTime:0.000034s ]
INFO: [ app_init ] --END-- [ RunTime:0.000547s ]
ERR: 无法加载模块:Public

[ 2017-12-13T22:35:09+08:00 ] ::1 /Public/images/nahuolun_logo_thin.png
INFO: [ app_init ] --START--
INFO: Run Behavior\BuildLiteBehavior [ RunTime:0.000029s ]
INFO: [ app_init ] --END-- [ RunTime:0.000420s ]

[ 2017-12-13T22:35:09+08:00 ] ::1 /Public/images/nahuolun_emblem-bg.png
INFO: [ app_init ] --START--
INFO: Run Behavior\BuildLiteBehavior [ RunTime:0.000027s ]
INFO: [ app_init ] --END-- [ RunTime:0.000415s ]

[ 2017-12-13T22:35:09+08:00 ] ::1 /Public/toastr/toastr.js.map
INFO: [ app_init ] --START--
INFO: Run Behavior\BuildLiteBehavior [ RunTime:0.000018s ]
INFO: [ app_init ] --END-- [ RunTime:0.000247s ]
ERR: 无法加载模块:Public

[ 2017-12-13T22:35:11+08:00 ] ::1 /Public/images/nahuolun_logo_thin.png
INFO: [ app_init ] --START--
INFO: Run Behavior\BuildLiteBehavior [ RunTime:0.000029s ]
INFO: [ app_init ] --END-- [ RunTime:0.000427s ]

[ 2017-12-13T22:35:11+08:00 ] ::1 /Public/images/nahuolun_emblem-bg.png
INFO: [ app_init ] --START--
INFO: Run Behavior\BuildLiteBehavior [ RunTime:0.000034s ]
INFO: [ app_init ] --END-- [ RunTime:0.001080s ]

[ 2017-12-13T22:35:11+08:00 ] ::1 /Public/toastr/toastr.js.map
INFO: [ app_init ] --START--
INFO: Run Behavior\BuildLiteBehavior [ RunTime:0.000019s ]
INFO: [ app_init ] --END-- [ RunTime:0.000258s ]
ERR: 无法加载模块:Public

[ 2017-12-13T22:35:18+08:00 ] ::1 /Public/images/nahuolun_emblem-bg.png
INFO: [ app_init ] --START--
INFO: Run Behavior\BuildLiteBehavior [ RunTime:0.000029s ]
INFO: [ app_init ] --END-- [ RunTime:0.000505s ]

[ 2017-12-13T22:35:18+08:00 ] ::1 /Public/images/nahuolun_logo_thin.png
INFO: [ app_init ] --START--
INFO: Run Behavior\BuildLiteBehavior [ RunTime:0.000029s ]
INFO: [ app_init ] --END-- [ RunTime:0.000570s ]

[ 2017-12-13T22:35:18+08:00 ] ::1 /Public/toastr/toastr.js.map
INFO: [ app_init ] --START--
INFO: Run Behavior\BuildLiteBehavior [ RunTime:0.000030s ]
INFO: [ app_init ] --END-- [ RunTime:0.000419s ]
ERR: 无法加载模块:Public

[ 2017-12-13T22:35:20+08:00 ] ::1 /Public/images/nahuolun_emblem-bg.png
INFO: [ app_init ] --START--
INFO: Run Behavior\BuildLiteBehavior [ RunTime:0.000035s ]
INFO: [ app_init ] --END-- [ RunTime:0.003236s ]

[ 2017-12-13T22:35:20+08:00 ] ::1 /Public/images/nahuolun_logo_thin.png
INFO: [ app_init ] --START--
INFO: Run Behavior\BuildLiteBehavior [ RunTime:0.000032s ]
INFO: [ app_init ] --END-- [ RunTime:0.000430s ]

[ 2017-12-13T22:35:21+08:00 ] ::1 /Public/toastr/toastr.js.map
INFO: [ app_init ] --START--
INFO: Run Behavior\BuildLiteBehavior [ RunTime:0.000028s ]
INFO: [ app_init ] --END-- [ RunTime:0.000400s ]
ERR: 无法加载模块:Public

[ 2017-12-13T22:35:24+08:00 ] ::1 /Public/toastr/toastr.js.map
INFO: [ app_init ] --START--
INFO: Run Behavior\BuildLiteBehavior [ RunTime:0.000033s ]
INFO: [ app_init ] --END-- [ RunTime:0.000506s ]
ERR: 无法加载模块:Public

[ 2017-12-13T22:35:24+08:00 ] ::1 /Public/images/nahuolun_emblem-bg.png
INFO: [ app_init ] --START--
INFO: Run Behavior\BuildLiteBehavior [ RunTime:0.000028s ]
INFO: [ app_init ] --END-- [ RunTime:0.000428s ]

[ 2017-12-13T22:35:24+08:00 ] ::1 /Public/images/nahuolun_logo_thin.png
INFO: [ app_init ] --START--
INFO: Run Behavior\BuildLiteBehavior [ RunTime:0.000037s ]
INFO: [ app_init ] --END-- [ RunTime:0.000629s ]

[ 2017-12-13T22:36:12+08:00 ] ::1 /Public/images/nahuolun_logo_thin.png
INFO: [ app_init ] --START--
INFO: Run Behavior\BuildLiteBehavior [ RunTime:0.000055s ]
INFO: [ app_init ] --END-- [ RunTime:0.000717s ]

[ 2017-12-13T22:36:12+08:00 ] ::1 /Public/images/nahuolun_emblem-bg.png
INFO: [ app_init ] --START--
INFO: Run Behavior\BuildLiteBehavior [ RunTime:0.000030s ]
INFO: [ app_init ] --END-- [ RunTime:0.000437s ]

[ 2017-12-13T22:36:12+08:00 ] ::1 /Public/toastr/toastr.js.map
INFO: [ app_init ] --START--
INFO: Run Behavior\BuildLiteBehavior [ RunTime:0.000028s ]
INFO: [ app_init ] --END-- [ RunTime:0.000629s ]
ERR: 无法加载模块:Public

[ 2017-12-13T22:36:32+08:00 ] ::1 /Public/images/nahuolun_logo_thin.png
INFO: [ app_init ] --START--
INFO: Run Behavior\BuildLiteBehavior [ RunTime:0.000018s ]
INFO: [ app_init ] --END-- [ RunTime:0.000262s ]

[ 2017-12-13T22:36:32+08:00 ] ::1 /Public/images/nahuolun_emblem-bg.png
INFO: [ app_init ] --START--
INFO: Run Behavior\BuildLiteBehavior [ RunTime:0.000028s ]
INFO: [ app_init ] --END-- [ RunTime:0.000443s ]

[ 2017-12-13T22:36:34+08:00 ] ::1 /Public/images/nahuolun_logo_thin.png
INFO: [ app_init ] --START--
INFO: Run Behavior\BuildLiteBehavior [ RunTime:0.000029s ]
INFO: [ app_init ] --END-- [ RunTime:0.000432s ]

[ 2017-12-13T22:36:34+08:00 ] ::1 /Public/images/nahuolun_emblem-bg.png
INFO: [ app_init ] --START--
INFO: Run Behavior\BuildLiteBehavior [ RunTime:0.000035s ]
INFO: [ app_init ] --END-- [ RunTime:0.000899s ]

[ 2017-12-13T22:36:38+08:00 ] ::1 /Public/images/nahuolun_emblem-bg.png
INFO: [ app_init ] --START--
INFO: Run Behavior\BuildLiteBehavior [ RunTime:0.000030s ]
INFO: [ app_init ] --END-- [ RunTime:0.000419s ]

[ 2017-12-13T22:36:38+08:00 ] ::1 /Public/images/nahuolun_logo_thin.png
INFO: [ app_init ] --START--
INFO: Run Behavior\BuildLiteBehavior [ RunTime:0.000026s ]
INFO: [ app_init ] --END-- [ RunTime:0.000375s ]

[ 2017-12-13T22:37:56+08:00 ] ::1 /Public/images/nahuolun_emblem-bg.png
INFO: [ app_init ] --START--
INFO: Run Behavior\BuildLiteBehavior [ RunTime:0.000033s ]
INFO: [ app_init ] --END-- [ RunTime:0.000557s ]

[ 2017-12-13T22:37:56+08:00 ] ::1 /Public/images/nahuolun_logo_thin.png
INFO: [ app_init ] --START--
INFO: Run Behavior\BuildLiteBehavior [ RunTime:0.000081s ]
INFO: [ app_init ] --END-- [ RunTime:0.000985s ]

[ 2017-12-13T22:37:59+08:00 ] ::1 /Public/images/nahuolun_logo_thin.png
INFO: [ app_init ] --START--
INFO: Run Behavior\BuildLiteBehavior [ RunTime:0.000030s ]
INFO: [ app_init ] --END-- [ RunTime:0.000425s ]

[ 2017-12-13T22:37:59+08:00 ] ::1 /Public/images/nahuolun_emblem-bg.png
INFO: [ app_init ] --START--
INFO: Run Behavior\BuildLiteBehavior [ RunTime:0.000031s ]
INFO: [ app_init ] --END-- [ RunTime:0.000563s ]

[ 2017-12-13T22:38:08+08:00 ] ::1 /Public/images/nahuolun_logo_thin.png
INFO: [ app_init ] --START--
INFO: Run Behavior\BuildLiteBehavior [ RunTime:0.000059s ]
INFO: [ app_init ] --END-- [ RunTime:0.002299s ]

[ 2017-12-13T22:38:08+08:00 ] ::1 /Public/images/nahuolun_emblem-bg.png
INFO: [ app_init ] --START--
INFO: Run Behavior\BuildLiteBehavior [ RunTime:0.000031s ]
INFO: [ app_init ] --END-- [ RunTime:0.002845s ]

[ 2017-12-13T22:39:12+08:00 ] ::1 /Public/images/nahuolun_emblem-bg.png
INFO: [ app_init ] --START--
INFO: Run Behavior\BuildLiteBehavior [ RunTime:0.000019s ]
INFO: [ app_init ] --END-- [ RunTime:0.000254s ]

[ 2017-12-13T22:39:12+08:00 ] ::1 /Public/images/nahuolun_logo_thin.png
INFO: [ app_init ] --START--
INFO: Run Behavior\BuildLiteBehavior [ RunTime:0.000017s ]
INFO: [ app_init ] --END-- [ RunTime:0.000239s ]

[ 2017-12-13T22:39:15+08:00 ] ::1 /Public/images/nahuolun_emblem-bg.png
INFO: [ app_init ] --START--
INFO: Run Behavior\BuildLiteBehavior [ RunTime:0.000031s ]
INFO: [ app_init ] --END-- [ RunTime:0.000438s ]

[ 2017-12-13T22:39:15+08:00 ] ::1 /Public/images/nahuolun_logo_thin.png
INFO: [ app_init ] --START--
INFO: Run Behavior\BuildLiteBehavior [ RunTime:0.000026s ]
INFO: [ app_init ] --END-- [ RunTime:0.000366s ]

[ 2017-12-13T22:40:02+08:00 ] ::1 /Public/images/nahuolun_emblem-bg.png
INFO: [ app_init ] --START--
INFO: Run Behavior\BuildLiteBehavior [ RunTime:0.000030s ]
INFO: [ app_init ] --END-- [ RunTime:0.000451s ]

[ 2017-12-13T22:40:02+08:00 ] ::1 /Public/images/nahuolun_logo_thin.png
INFO: [ app_init ] --START--
INFO: Run Behavior\BuildLiteBehavior [ RunTime:0.000033s ]
INFO: [ app_init ] --END-- [ RunTime:0.000634s ]

[ 2017-12-13T22:40:04+08:00 ] ::1 /Public/images/nahuolun_logo_thin.png
INFO: [ app_init ] --START--
INFO: Run Behavior\BuildLiteBehavior [ RunTime:0.000026s ]
INFO: [ app_init ] --END-- [ RunTime:0.000381s ]

[ 2017-12-13T22:40:04+08:00 ] ::1 /Public/images/nahuolun_emblem-bg.png
INFO: [ app_init ] --START--
INFO: Run Behavior\BuildLiteBehavior [ RunTime:0.000020s ]
INFO: [ app_init ] --END-- [ RunTime:0.000326s ]

[ 2017-12-13T22:40:17+08:00 ] ::1 /Public/images/nahuolun_emblem-bg.png
INFO: [ app_init ] --START--
INFO: Run Behavior\BuildLiteBehavior [ RunTime:0.000034s ]
INFO: [ app_init ] --END-- [ RunTime:0.000758s ]

[ 2017-12-13T22:40:17+08:00 ] ::1 /Public/images/nahuolun_logo_thin.png
INFO: [ app_init ] --START--
INFO: Run Behavior\BuildLiteBehavior [ RunTime:0.000030s ]
INFO: [ app_init ] --END-- [ RunTime:0.000860s ]

[ 2017-12-13T22:40:22+08:00 ] ::1 /Public/images/nahuolun_logo_thin.png
INFO: [ app_init ] --START--
INFO: Run Behavior\BuildLiteBehavior [ RunTime:0.000032s ]
INFO: [ app_init ] --END-- [ RunTime:0.000429s ]

[ 2017-12-13T22:40:22+08:00 ] ::1 /Public/images/nahuolun_emblem-bg.png
INFO: [ app_init ] --START--
INFO: Run Behavior\BuildLiteBehavior [ RunTime:0.000024s ]
INFO: [ app_init ] --END-- [ RunTime:0.000392s ]

[ 2017-12-13T22:41:15+08:00 ] ::1 /Public/images/nahuolun_emblem-bg.png
INFO: [ app_init ] --START--
INFO: Run Behavior\BuildLiteBehavior [ RunTime:0.000030s ]
INFO: [ app_init ] --END-- [ RunTime:0.000422s ]

[ 2017-12-13T22:41:15+08:00 ] ::1 /Public/images/nahuolun_logo_thin.png
INFO: [ app_init ] --START--
INFO: Run Behavior\BuildLiteBehavior [ RunTime:0.000029s ]
INFO: [ app_init ] --END-- [ RunTime:0.000620s ]

[ 2017-12-13T22:41:19+08:00 ] ::1 /Public/images/nahuolun_logo_thin.png
INFO: [ app_init ] --START--
INFO: Run Behavior\BuildLiteBehavior [ RunTime:0.000071s ]
INFO: [ app_init ] --END-- [ RunTime:0.000474s ]

[ 2017-12-13T22:41:19+08:00 ] ::1 /Public/images/nahuolun_emblem-bg.png
INFO: [ app_init ] --START--
INFO: Run Behavior\BuildLiteBehavior [ RunTime:0.000019s ]
INFO: [ app_init ] --END-- [ RunTime:0.000282s ]

[ 2017-12-13T22:41:23+08:00 ] ::1 /Public/images/nahuolun_emblem-bg.png
INFO: [ app_init ] --START--
INFO: Run Behavior\BuildLiteBehavior [ RunTime:0.000032s ]
INFO: [ app_init ] --END-- [ RunTime:0.000448s ]

[ 2017-12-13T22:41:23+08:00 ] ::1 /Public/images/nahuolun_logo_thin.png
INFO: [ app_init ] --START--
INFO: Run Behavior\BuildLiteBehavior [ RunTime:0.000031s ]
INFO: [ app_init ] --END-- [ RunTime:0.012323s ]

[ 2017-12-13T22:41:27+08:00 ] ::1 /Public/images/nahuolun_logo_thin.png
INFO: [ app_init ] --START--
INFO: Run Behavior\BuildLiteBehavior [ RunTime:0.000019s ]
INFO: [ app_init ] --END-- [ RunTime:0.000249s ]

[ 2017-12-13T22:41:27+08:00 ] ::1 /Public/images/nahuolun_emblem-bg.png
INFO: [ app_init ] --START--
INFO: Run Behavior\BuildLiteBehavior [ RunTime:0.000033s ]
INFO: [ app_init ] --END-- [ RunTime:0.001476s ]

[ 2017-12-13T22:41:29+08:00 ] ::1 /Public/images/nahuolun_emblem-bg.png
INFO: [ app_init ] --START--
INFO: Run Behavior\BuildLiteBehavior [ RunTime:0.000033s ]
INFO: [ app_init ] --END-- [ RunTime:0.029966s ]

[ 2017-12-13T22:41:29+08:00 ] ::1 /Public/images/nahuolun_logo_thin.png
INFO: [ app_init ] --START--
INFO: Run Behavior\BuildLiteBehavior [ RunTime:0.000023s ]
INFO: [ app_init ] --END-- [ RunTime:0.001164s ]

[ 2017-12-13T22:41:49+08:00 ] ::1 /Public/images/nahuolun_emblem-bg.png
INFO: [ app_init ] --START--
INFO: Run Behavior\BuildLiteBehavior [ RunTime:0.000028s ]
INFO: [ app_init ] --END-- [ RunTime:0.000430s ]

[ 2017-12-13T22:41:49+08:00 ] ::1 /Public/images/nahuolun_logo_thin.png
INFO: [ app_init ] --START--
INFO: Run Behavior\BuildLiteBehavior [ RunTime:0.000033s ]
INFO: [ app_init ] --END-- [ RunTime:0.000577s ]

[ 2017-12-13T22:42:26+08:00 ] ::1 /chaoyangmall//Admin/Activity/disp.html
INFO: [ app_init ] --START--
INFO: Run Behavior\BuildLiteBehavior [ RunTime:0.000023s ]
INFO: [ app_init ] --END-- [ RunTime:0.000684s ]
ERR: 无法加载模块:Chaoyangmall

[ 2017-12-13T22:42:33+08:00 ] ::1 /Public/images/nahuolun_emblem-bg.png
INFO: [ app_init ] --START--
INFO: Run Behavior\BuildLiteBehavior [ RunTime:0.000029s ]
INFO: [ app_init ] --END-- [ RunTime:0.000422s ]

[ 2017-12-13T22:42:33+08:00 ] ::1 /Public/images/nahuolun_logo_thin.png
INFO: [ app_init ] --START--
INFO: Run Behavior\BuildLiteBehavior [ RunTime:0.000032s ]
INFO: [ app_init ] --END-- [ RunTime:0.004227s ]

[ 2017-12-13T22:50:17+08:00 ] ::1 /Public/images/nahuolun_emblem-bg.png
INFO: [ app_init ] --START--
INFO: Run Behavior\BuildLiteBehavior [ RunTime:0.000030s ]
INFO: [ app_init ] --END-- [ RunTime:0.000409s ]

[ 2017-12-13T22:50:17+08:00 ] ::1 /Public/images/nahuolun_logo_thin.png
INFO: [ app_init ] --START--
INFO: Run Behavior\BuildLiteBehavior [ RunTime:0.000020s ]
INFO: [ app_init ] --END-- [ RunTime:0.000277s ]

[ 2017-12-13T22:51:04+08:00 ] ::1 /Public/images/nahuolun_emblem-bg.png
INFO: [ app_init ] --START--
INFO: Run Behavior\BuildLiteBehavior [ RunTime:0.000022s ]
INFO: [ app_init ] --END-- [ RunTime:0.000247s ]

[ 2017-12-13T22:51:04+08:00 ] ::1 /Public/images/nahuolun_logo_thin.png
INFO: [ app_init ] --START--
INFO: Run Behavior\BuildLiteBehavior [ RunTime:0.000021s ]
INFO: [ app_init ] --END-- [ RunTime:0.000414s ]

[ 2017-12-13T22:51:06+08:00 ] ::1 /Public/images/nahuolun_logo_thin.png
INFO: [ app_init ] --START--
INFO: Run Behavior\BuildLiteBehavior [ RunTime:0.000038s ]
INFO: [ app_init ] --END-- [ RunTime:0.000412s ]

[ 2017-12-13T22:51:06+08:00 ] ::1 /Public/images/nahuolun_emblem-bg.png
INFO: [ app_init ] --START--
INFO: Run Behavior\BuildLiteBehavior [ RunTime:0.000035s ]
INFO: [ app_init ] --END-- [ RunTime:0.000572s ]

[ 2017-12-13T22:51:22+08:00 ] ::1 /Public/images/nahuolun_logo_thin.png
INFO: [ app_init ] --START--
INFO: Run Behavior\BuildLiteBehavior [ RunTime:0.000043s ]
INFO: [ app_init ] --END-- [ RunTime:0.000759s ]

[ 2017-12-13T22:51:22+08:00 ] ::1 /Public/images/nahuolun_emblem-bg.png
INFO: [ app_init ] --START--
INFO: Run Behavior\BuildLiteBehavior [ RunTime:0.000045s ]
INFO: [ app_init ] --END-- [ RunTime:0.000899s ]

[ 2017-12-13T22:51:25+08:00 ] ::1 /Public/images/nahuolun_emblem-bg.png
INFO: [ app_init ] --START--
INFO: Run Behavior\BuildLiteBehavior [ RunTime:0.000030s ]
INFO: [ app_init ] --END-- [ RunTime:0.000701s ]

[ 2017-12-13T22:51:25+08:00 ] ::1 /Public/images/nahuolun_logo_thin.png
INFO: [ app_init ] --START--
INFO: Run Behavior\BuildLiteBehavior [ RunTime:0.000087s ]
INFO: [ app_init ] --END-- [ RunTime:0.001058s ]

[ 2017-12-13T22:51:28+08:00 ] ::1 /Public/images/nahuolun_emblem-bg.png
INFO: [ app_init ] --START--
INFO: Run Behavior\BuildLiteBehavior [ RunTime:0.000044s ]
INFO: [ app_init ] --END-- [ RunTime:0.000659s ]

[ 2017-12-13T22:51:28+08:00 ] ::1 /Public/images/nahuolun_logo_thin.png
INFO: [ app_init ] --START--
INFO: Run Behavior\BuildLiteBehavior [ RunTime:0.000031s ]
INFO: [ app_init ] --END-- [ RunTime:0.000464s ]

[ 2017-12-13T22:58:48+08:00 ] ::1 /Public/images/nahuolun_emblem-bg.png
INFO: [ app_init ] --START--
INFO: Run Behavior\BuildLiteBehavior [ RunTime:0.000033s ]
INFO: [ app_init ] --END-- [ RunTime:0.000488s ]

[ 2017-12-13T22:58:48+08:00 ] ::1 /Public/images/nahuolun_logo_thin.png
INFO: [ app_init ] --START--
INFO: Run Behavior\BuildLiteBehavior [ RunTime:0.000106s ]
INFO: [ app_init ] --END-- [ RunTime:0.002399s ]

[ 2017-12-13T22:58:49+08:00 ] ::1 /Public/images/nahuolun_logo_thin.png
INFO: [ app_init ] --START--
INFO: Run Behavior\BuildLiteBehavior [ RunTime:0.000043s ]
INFO: [ app_init ] --END-- [ RunTime:0.000475s ]

[ 2017-12-13T22:58:49+08:00 ] ::1 /Public/images/nahuolun_emblem-bg.png
INFO: [ app_init ] --START--
INFO: Run Behavior\BuildLiteBehavior [ RunTime:0.000064s ]
INFO: [ app_init ] --END-- [ RunTime:0.000897s ]

[ 2017-12-13T22:58:55+08:00 ] ::1 /Public/images/nahuolun_logo_thin.png
INFO: [ app_init ] --START--
INFO: Run Behavior\BuildLiteBehavior [ RunTime:0.000054s ]
INFO: [ app_init ] --END-- [ RunTime:0.000771s ]

[ 2017-12-13T22:58:55+08:00 ] ::1 /Public/images/nahuolun_emblem-bg.png
INFO: [ app_init ] --START--
INFO: Run Behavior\BuildLiteBehavior [ RunTime:0.000025s ]
INFO: [ app_init ] --END-- [ RunTime:0.000479s ]

[ 2017-12-13T22:58:58+08:00 ] ::1 /Public/images/nahuolun_emblem-bg.png
INFO: [ app_init ] --START--
INFO: Run Behavior\BuildLiteBehavior [ RunTime:0.000020s ]
INFO: [ app_init ] --END-- [ RunTime:0.000275s ]

[ 2017-12-13T22:58:58+08:00 ] ::1 /Public/images/nahuolun_logo_thin.png
INFO: [ app_init ] --START--
INFO: Run Behavior\BuildLiteBehavior [ RunTime:0.000017s ]
INFO: [ app_init ] --END-- [ RunTime:0.000299s ]

[ 2017-12-13T22:59:04+08:00 ] ::1 /Public/images/nahuolun_logo_thin.png
INFO: [ app_init ] --START--
INFO: Run Behavior\BuildLiteBehavior [ RunTime:0.000027s ]
INFO: [ app_init ] --END-- [ RunTime:0.000452s ]

[ 2017-12-13T22:59:04+08:00 ] ::1 /Public/images/nahuolun_emblem-bg.png
INFO: [ app_init ] --START--
INFO: Run Behavior\BuildLiteBehavior [ RunTime:0.000035s ]
INFO: [ app_init ] --END-- [ RunTime:0.000626s ]

[ 2017-12-13T22:59:36+08:00 ] ::1 /Public/images/nahuolun_logo_thin.png
INFO: [ app_init ] --START--
INFO: Run Behavior\BuildLiteBehavior [ RunTime:0.000024s ]
INFO: [ app_init ] --END-- [ RunTime:0.000420s ]

[ 2017-12-13T22:59:36+08:00 ] ::1 /Public/images/nahuolun_emblem-bg.png
INFO: [ app_init ] --START--
INFO: Run Behavior\BuildLiteBehavior [ RunTime:0.000036s ]
INFO: [ app_init ] --END-- [ RunTime:0.000800s ]

[ 2017-12-13T22:59:54+08:00 ] ::1 /Public/images/nahuolun_emblem-bg.png
INFO: [ app_init ] --START--
INFO: Run Behavior\BuildLiteBehavior [ RunTime:0.000032s ]
INFO: [ app_init ] --END-- [ RunTime:0.000517s ]

[ 2017-12-13T22:59:54+08:00 ] ::1 /Public/images/nahuolun_logo_thin.png
INFO: [ app_init ] --START--
INFO: Run Behavior\BuildLiteBehavior [ RunTime:0.000028s ]
INFO: [ app_init ] --END-- [ RunTime:0.000427s ]

[ 2017-12-13T23:00:18+08:00 ] ::1 /Public/images/nahuolun_emblem-bg.png
INFO: [ app_init ] --START--
INFO: Run Behavior\BuildLiteBehavior [ RunTime:0.000019s ]
INFO: [ app_init ] --END-- [ RunTime:0.000256s ]

[ 2017-12-13T23:00:18+08:00 ] ::1 /Public/images/nahuolun_logo_thin.png
INFO: [ app_init ] --START--
INFO: Run Behavior\BuildLiteBehavior [ RunTime:0.000026s ]
INFO: [ app_init ] --END-- [ RunTime:0.000364s ]

[ 2017-12-13T23:00:47+08:00 ] ::1 /Public/images/nahuolun_emblem-bg.png
INFO: [ app_init ] --START--
INFO: Run Behavior\BuildLiteBehavior [ RunTime:0.000023s ]
INFO: [ app_init ] --END-- [ RunTime:0.000484s ]

[ 2017-12-13T23:00:47+08:00 ] ::1 /Public/images/nahuolun_logo_thin.png
INFO: [ app_init ] --START--
INFO: Run Behavior\BuildLiteBehavior [ RunTime:0.000030s ]
INFO: [ app_init ] --END-- [ RunTime:0.000418s ]

[ 2017-12-13T23:00:49+08:00 ] ::1 /Public/images/nahuolun_emblem-bg.png
INFO: [ app_init ] --START--
INFO: Run Behavior\BuildLiteBehavior [ RunTime:0.000020s ]
INFO: [ app_init ] --END-- [ RunTime:0.000259s ]

[ 2017-12-13T23:00:49+08:00 ] ::1 /Public/images/nahuolun_logo_thin.png
INFO: [ app_init ] --START--
INFO: Run Behavior\BuildLiteBehavior [ RunTime:0.000027s ]
INFO: [ app_init ] --END-- [ RunTime:0.000403s ]

[ 2017-12-13T23:01:12+08:00 ] ::1 /Public/images/nahuolun_emblem-bg.png
INFO: [ app_init ] --START--
INFO: Run Behavior\BuildLiteBehavior [ RunTime:0.000021s ]
INFO: [ app_init ] --END-- [ RunTime:0.000399s ]

[ 2017-12-13T23:01:12+08:00 ] ::1 /Public/images/nahuolun_logo_thin.png
INFO: [ app_init ] --START--
INFO: Run Behavior\BuildLiteBehavior [ RunTime:0.000018s ]
INFO: [ app_init ] --END-- [ RunTime:0.000253s ]

[ 2017-12-13T23:03:01+08:00 ] ::1 /Public/images/nahuolun_emblem-bg.png
INFO: [ app_init ] --START--
INFO: Run Behavior\BuildLiteBehavior [ RunTime:0.000018s ]
INFO: [ app_init ] --END-- [ RunTime:0.000249s ]

[ 2017-12-13T23:03:01+08:00 ] ::1 /Public/images/nahuolun_logo_thin.png
INFO: [ app_init ] --START--
INFO: Run Behavior\BuildLiteBehavior [ RunTime:0.000019s ]
INFO: [ app_init ] --END-- [ RunTime:0.000263s ]

[ 2017-12-13T23:06:39+08:00 ] ::1 /Public/images/nahuolun_emblem-bg.png
INFO: [ app_init ] --START--
INFO: Run Behavior\BuildLiteBehavior [ RunTime:0.000029s ]
INFO: [ app_init ] --END-- [ RunTime:0.000404s ]

[ 2017-12-13T23:06:39+08:00 ] ::1 /Public/images/nahuolun_logo_thin.png
INFO: [ app_init ] --START--
INFO: Run Behavior\BuildLiteBehavior [ RunTime:0.000032s ]
INFO: [ app_init ] --END-- [ RunTime:0.000407s ]

[ 2017-12-13T23:07:23+08:00 ] ::1 /Public/images/nahuolun_emblem-bg.png
INFO: [ app_init ] --START--
INFO: Run Behavior\BuildLiteBehavior [ RunTime:0.000017s ]
INFO: [ app_init ] --END-- [ RunTime:0.000233s ]

[ 2017-12-13T23:07:23+08:00 ] ::1 /Public/images/nahuolun_logo_thin.png
INFO: [ app_init ] --START--
INFO: Run Behavior\BuildLiteBehavior [ RunTime:0.000031s ]
INFO: [ app_init ] --END-- [ RunTime:0.000338s ]

[ 2017-12-13T23:07:31+08:00 ] ::1 /Public/images/nahuolun_emblem-bg.png
INFO: [ app_init ] --START--
INFO: Run Behavior\BuildLiteBehavior [ RunTime:0.000034s ]
INFO: [ app_init ] --END-- [ RunTime:0.000975s ]

[ 2017-12-13T23:07:31+08:00 ] ::1 /Public/images/nahuolun_logo_thin.png
INFO: [ app_init ] --START--
INFO: Run Behavior\BuildLiteBehavior [ RunTime:0.000021s ]
INFO: [ app_init ] --END-- [ RunTime:0.000391s ]

[ 2017-12-13T23:07:34+08:00 ] ::1 /Public/images/nahuolun_emblem-bg.png
INFO: [ app_init ] --START--
INFO: Run Behavior\BuildLiteBehavior [ RunTime:0.000029s ]
INFO: [ app_init ] --END-- [ RunTime:0.000530s ]

[ 2017-12-13T23:07:34+08:00 ] ::1 /Public/images/nahuolun_logo_thin.png
INFO: [ app_init ] --START--
INFO: Run Behavior\BuildLiteBehavior [ RunTime:0.000026s ]
INFO: [ app_init ] --END-- [ RunTime:0.000705s ]

[ 2017-12-13T23:07:36+08:00 ] ::1 /Public/images/nahuolun_emblem-bg.png
INFO: [ app_init ] --START--
INFO: Run Behavior\BuildLiteBehavior [ RunTime:0.000032s ]
INFO: [ app_init ] --END-- [ RunTime:0.000439s ]

[ 2017-12-13T23:07:36+08:00 ] ::1 /Public/images/nahuolun_logo_thin.png
INFO: [ app_init ] --START--
INFO: Run Behavior\BuildLiteBehavior [ RunTime:0.000031s ]
INFO: [ app_init ] --END-- [ RunTime:0.000429s ]

[ 2017-12-13T23:07:39+08:00 ] ::1 /Public/images/nahuolun_emblem-bg.png
INFO: [ app_init ] --START--
INFO: Run Behavior\BuildLiteBehavior [ RunTime:0.000032s ]
INFO: [ app_init ] --END-- [ RunTime:0.000438s ]

[ 2017-12-13T23:07:39+08:00 ] ::1 /Public/images/nahuolun_logo_thin.png
INFO: [ app_init ] --START--
INFO: Run Behavior\BuildLiteBehavior [ RunTime:0.000042s ]
INFO: [ app_init ] --END-- [ RunTime:0.002496s ]

[ 2017-12-13T23:07:45+08:00 ] ::1 /Public/images/nahuolun_emblem-bg.png
INFO: [ app_init ] --START--
INFO: Run Behavior\BuildLiteBehavior [ RunTime:0.000045s ]
INFO: [ app_init ] --END-- [ RunTime:0.007146s ]

[ 2017-12-13T23:07:45+08:00 ] ::1 /Public/images/nahuolun_logo_thin.png
INFO: [ app_init ] --START--
INFO: Run Behavior\BuildLiteBehavior [ RunTime:0.000029s ]
INFO: [ app_init ] --END-- [ RunTime:0.000396s ]

[ 2017-12-13T23:07:47+08:00 ] ::1 /Public/images/nahuolun_logo_thin.png
INFO: [ app_init ] --START--
INFO: Run Behavior\BuildLiteBehavior [ RunTime:0.000033s ]
INFO: [ app_init ] --END-- [ RunTime:0.000450s ]

[ 2017-12-13T23:07:47+08:00 ] ::1 /Public/images/nahuolun_emblem-bg.png
INFO: [ app_init ] --START--
INFO: Run Behavior\BuildLiteBehavior [ RunTime:0.000031s ]
INFO: [ app_init ] --END-- [ RunTime:0.000466s ]

[ 2017-12-13T23:07:50+08:00 ] ::1 /Public/images/nahuolun_emblem-bg.png
INFO: [ app_init ] --START--
INFO: Run Behavior\BuildLiteBehavior [ RunTime:0.000019s ]
INFO: [ app_init ] --END-- [ RunTime:0.000338s ]

[ 2017-12-13T23:07:50+08:00 ] ::1 /Public/images/nahuolun_logo_thin.png
INFO: [ app_init ] --START--
INFO: Run Behavior\BuildLiteBehavior [ RunTime:0.000030s ]
INFO: [ app_init ] --END-- [ RunTime:0.000450s ]

[ 2017-12-13T23:11:10+08:00 ] ::1 /Public/images/nahuolun_logo_thin.png
INFO: [ app_init ] --START--
INFO: Run Behavior\BuildLiteBehavior [ RunTime:0.000024s ]
INFO: [ app_init ] --END-- [ RunTime:0.000290s ]

[ 2017-12-13T23:11:10+08:00 ] ::1 /Public/images/nahuolun_emblem-bg.png
INFO: [ app_init ] --START--
INFO: Run Behavior\BuildLiteBehavior [ RunTime:0.000111s ]
INFO: [ app_init ] --END-- [ RunTime:0.002230s ]

[ 2017-12-13T23:11:13+08:00 ] ::1 /Public/images/nahuolun_emblem-bg.png
INFO: [ app_init ] --START--
INFO: Run Behavior\BuildLiteBehavior [ RunTime:0.000029s ]
INFO: [ app_init ] --END-- [ RunTime:0.000501s ]

[ 2017-12-13T23:11:13+08:00 ] ::1 /Public/images/nahuolun_logo_thin.png
INFO: [ app_init ] --START--
INFO: Run Behavior\BuildLiteBehavior [ RunTime:0.000024s ]
INFO: [ app_init ] --END-- [ RunTime:0.000421s ]

[ 2017-12-13T23:11:18+08:00 ] ::1 /Public/images/nahuolun_emblem-bg.png
INFO: [ app_init ] --START--
INFO: Run Behavior\BuildLiteBehavior [ RunTime:0.000032s ]
INFO: [ app_init ] --END-- [ RunTime:0.000663s ]

[ 2017-12-13T23:11:18+08:00 ] ::1 /Public/images/nahuolun_logo_thin.png
INFO: [ app_init ] --START--
INFO: Run Behavior\BuildLiteBehavior [ RunTime:0.000020s ]
INFO: [ app_init ] --END-- [ RunTime:0.000299s ]

[ 2017-12-13T23:13:22+08:00 ] ::1 /Public/images/nahuolun_emblem-bg.png
INFO: [ app_init ] --START--
INFO: Run Behavior\BuildLiteBehavior [ RunTime:0.000038s ]
INFO: [ app_init ] --END-- [ RunTime:0.000442s ]

[ 2017-12-13T23:13:22+08:00 ] ::1 /Public/images/nahuolun_logo_thin.png
INFO: [ app_init ] --START--
INFO: Run Behavior\BuildLiteBehavior [ RunTime:0.000105s ]
INFO: [ app_init ] --END-- [ RunTime:0.002191s ]

[ 2017-12-13T23:13:24+08:00 ] ::1 /Public/images/nahuolun_logo_thin.png
INFO: [ app_init ] --START--
INFO: Run Behavior\BuildLiteBehavior [ RunTime:0.000130s ]
INFO: [ app_init ] --END-- [ RunTime:0.001655s ]

[ 2017-12-13T23:13:24+08:00 ] ::1 /Public/images/nahuolun_emblem-bg.png
INFO: [ app_init ] --START--
INFO: Run Behavior\BuildLiteBehavior [ RunTime:0.000066s ]
INFO: [ app_init ] --END-- [ RunTime:0.001232s ]

[ 2017-12-13T23:13:25+08:00 ] ::1 /Public/images/nahuolun_logo_thin.png
INFO: [ app_init ] --START--
INFO: Run Behavior\BuildLiteBehavior [ RunTime:0.000029s ]
INFO: [ app_init ] --END-- [ RunTime:0.000384s ]

[ 2017-12-13T23:13:25+08:00 ] ::1 /Public/images/nahuolun_emblem-bg.png
INFO: [ app_init ] --START--
INFO: Run Behavior\BuildLiteBehavior [ RunTime:0.000026s ]
INFO: [ app_init ] --END-- [ RunTime:0.000362s ]

[ 2017-12-13T23:13:28+08:00 ] ::1 /Public/images/nahuolun_logo_thin.png
INFO: [ app_init ] --START--
INFO: Run Behavior\BuildLiteBehavior [ RunTime:0.000018s ]
INFO: [ app_init ] --END-- [ RunTime:0.000251s ]

[ 2017-12-13T23:13:28+08:00 ] ::1 /Public/images/nahuolun_emblem-bg.png
INFO: [ app_init ] --START--
INFO: Run Behavior\BuildLiteBehavior [ RunTime:0.000033s ]
INFO: [ app_init ] --END-- [ RunTime:0.000469s ]

[ 2017-12-13T23:13:29+08:00 ] ::1 /Public/images/nahuolun_emblem-bg.png
INFO: [ app_init ] --START--
INFO: Run Behavior\BuildLiteBehavior [ RunTime:0.000031s ]
INFO: [ app_init ] --END-- [ RunTime:0.000430s ]

[ 2017-12-13T23:13:29+08:00 ] ::1 /Public/images/nahuolun_logo_thin.png
INFO: [ app_init ] --START--
INFO: Run Behavior\BuildLiteBehavior [ RunTime:0.000022s ]
INFO: [ app_init ] --END-- [ RunTime:0.000496s ]

[ 2017-12-13T23:13:32+08:00 ] ::1 /Public/images/nahuolun_emblem-bg.png
INFO: [ app_init ] --START--
INFO: Run Behavior\BuildLiteBehavior [ RunTime:0.000336s ]
INFO: [ app_init ] --END-- [ RunTime:0.000747s ]

[ 2017-12-13T23:13:32+08:00 ] ::1 /Public/images/nahuolun_logo_thin.png
INFO: [ app_init ] --START--
INFO: Run Behavior\BuildLiteBehavior [ RunTime:0.000032s ]
INFO: [ app_init ] --END-- [ RunTime:0.000441s ]

[ 2017-12-13T23:15:36+08:00 ] ::1 /Public/images/nahuolun_emblem-bg.png
INFO: [ app_init ] --START--
INFO: Run Behavior\BuildLiteBehavior [ RunTime:0.000066s ]
INFO: [ app_init ] --END-- [ RunTime:0.000590s ]

[ 2017-12-13T23:15:37+08:00 ] ::1 /Public/images/nahuolun_logo_thin.png
INFO: [ app_init ] --START--
INFO: Run Behavior\BuildLiteBehavior [ RunTime:0.000037s ]
INFO: [ app_init ] --END-- [ RunTime:0.000910s ]

[ 2017-12-13T23:15:44+08:00 ] ::1 /Public/images/nahuolun_emblem-bg.png
INFO: [ app_init ] --START--
INFO: Run Behavior\BuildLiteBehavior [ RunTime:0.000027s ]
INFO: [ app_init ] --END-- [ RunTime:0.000624s ]

[ 2017-12-13T23:15:44+08:00 ] ::1 /Public/images/nahuolun_logo_thin.png
INFO: [ app_init ] --START--
INFO: Run Behavior\BuildLiteBehavior [ RunTime:0.000043s ]
INFO: [ app_init ] --END-- [ RunTime:0.000543s ]

[ 2017-12-13T23:15:49+08:00 ] ::1 /Public/images/nahuolun_logo_thin.png
INFO: [ app_init ] --START--
INFO: Run Behavior\BuildLiteBehavior [ RunTime:0.000061s ]
INFO: [ app_init ] --END-- [ RunTime:0.010807s ]

[ 2017-12-13T23:15:49+08:00 ] ::1 /Public/images/nahuolun_emblem-bg.png
INFO: [ app_init ] --START--
INFO: Run Behavior\BuildLiteBehavior [ RunTime:0.000125s ]
INFO: [ app_init ] --END-- [ RunTime:0.004744s ]

[ 2017-12-13T23:15:50+08:00 ] ::1 /Public/images/nahuolun_emblem-bg.png
INFO: [ app_init ] --START--
INFO: Run Behavior\BuildLiteBehavior [ RunTime:0.000028s ]
INFO: [ app_init ] --END-- [ RunTime:0.000457s ]

[ 2017-12-13T23:15:50+08:00 ] ::1 /Public/images/nahuolun_logo_thin.png
INFO: [ app_init ] --START--
INFO: Run Behavior\BuildLiteBehavior [ RunTime:0.000019s ]
INFO: [ app_init ] --END-- [ RunTime:0.000586s ]

[ 2017-12-13T23:16:03+08:00 ] ::1 /Public/images/nahuolun_emblem-bg.png
INFO: [ app_init ] --START--
INFO: Run Behavior\BuildLiteBehavior [ RunTime:0.000039s ]
INFO: [ app_init ] --END-- [ RunTime:0.002983s ]

[ 2017-12-13T23:16:03+08:00 ] ::1 /Public/images/nahuolun_logo_thin.png
INFO: [ app_init ] --START--
INFO: Run Behavior\BuildLiteBehavior [ RunTime:0.000028s ]
INFO: [ app_init ] --END-- [ RunTime:0.000318s ]

[ 2017-12-13T23:16:05+08:00 ] ::1 /Public/images/nahuolun_logo_thin.png
INFO: [ app_init ] --START--
INFO: Run Behavior\BuildLiteBehavior [ RunTime:0.000029s ]
INFO: [ app_init ] --END-- [ RunTime:0.000393s ]

[ 2017-12-13T23:16:05+08:00 ] ::1 /Public/images/nahuolun_emblem-bg.png
INFO: [ app_init ] --START--
INFO: Run Behavior\BuildLiteBehavior [ RunTime:0.000670s ]
INFO: [ app_init ] --END-- [ RunTime:0.001035s ]

[ 2017-12-13T23:16:09+08:00 ] ::1 /Public/images/nahuolun_emblem-bg.png
INFO: [ app_init ] --START--
INFO: Run Behavior\BuildLiteBehavior [ RunTime:0.000049s ]
INFO: [ app_init ] --END-- [ RunTime:0.000673s ]

[ 2017-12-13T23:16:09+08:00 ] ::1 /Public/images/nahuolun_logo_thin.png
INFO: [ app_init ] --START--
INFO: Run Behavior\BuildLiteBehavior [ RunTime:0.000039s ]
INFO: [ app_init ] --END-- [ RunTime:0.001167s ]

